
 -----------------------------------------------
      Restrained ESP Fit 2.3  Amber 4.1
 -----------------------------------------------
 Resp charges for organic molecule                                               
 -----------------------------------------------


 inopt       =     0   ioutopt     =     1
 nmol        =     1   iqopt       =     0
 ihfree      =     1   irstrnt     =     1
 iunits      =     0   qwt         =   0.00050000
 wtmol(1) =     1.000000
 subtitle:

Resp charges for organic molecule                                               
ich =   0  iuniq =  64
    1    6    0
    2    7    0
    3    6    0
    4    8    0
    5    6    0
    6    6    0
    7    6    0
    8    6    0
    9    6    0
   10    6    0
   11    6   10
   12    6    0
   13    6    0
   14    6    0
   15    6    5
   16    6    0
   17    7    0
   18    6    0
   19    6    0
   20    8    0
   21    6    3
   22    8    4
   23    7    2
   24    6    0
   25    7   17
   26    6   18
   27    6    0
   28    8   20
   29    1    0
   30    1    0
   31    1    0
   32    1    0
   33    1    0
   34    1    0
   35    1    0
   36    1    0
   37    1    0
   38    1    0
   39    1    0
   40    1    0
   41    1    0
   42    1    0
   43    1   42
   44    1    0
   45    1    0
   46    1    0
   47    1    0
   48    1    0
   49    1    0
   50    1    0
   51    1    0
   52    1    0
   53    1    0
   54    1    0
   55    1    0
   56    1    0
   57    1   32
   58    1    0
   59    1    0
   60    1    0
   61    1   53
   62    1    0
   63    1    0
   64    1    0

  ----------------------------------------------------------------------------
     ATOM                       COORDINATES                         CHARGE
                       X             Y                Z
  ----------------------------------------------------------------------------
  ----------------------------------------------------------------------------


 Charge on the molecule(ich) =    0
 Total number of atoms (iuniq)     =   64
 Weight factor on initial charge restraints(qwt)=     0.50000D-03


  there are  1 charge constraints:


     1       1
     2       1
     3       1
     4       1
     5       1
     6       1
     7       1
     8       1
     9       1
    10       1
    11       1
    12       1
    13       1
    14       1
    15       1
    16       1
    17       1
    18       1
    19       1
    20       1
    21       1
    22       1
    23       1
    24       1
    25       1
    26       1
    27       1
    28       1
    29       1
    30       1
    31       1
    32       1
    33       1
    34       1
    35       1
    36       1
    37       1
    38       1
    39       1
    40       1
    41       1
    42       1
    43       1
    44       1
    45       1
    46       1
    47       1
    48       1
    49       1
    50       1
    51       1
    52       1
    53       1
    54       1
    55       1
    56       1
    57       1
    58       1
    59       1
    60       1
    61       1
    62       1
    63       1
    64       1

 Reading esp"s for molecule   1
 total number of atoms      =    64
 total number of esp points = 12647


 center     X       Y       Z 
    1   0.4583389E+01   0.5541633E+01  -0.2424358E+01
    2   0.5817259E+01   0.3104943E+01  -0.2301044E+01
    3   0.4841637E+01   0.1205978E+01  -0.9347114E+00
    4   0.2821559E+01   0.1361464E+01   0.1209425E+00
    5   0.6463638E+01  -0.1233107E+01  -0.7696382E+00
    6   0.7673656E+01  -0.1951267E+01  -0.3308636E+01
    7   0.4830663E+01  -0.3428377E+01   0.2347134E+00
    8   0.2780883E+01  -0.4413083E+01  -0.1554997E+01
    9   0.1171494E+01  -0.6542744E+01  -0.3929572E+00
   10  -0.1994757E+00  -0.5802173E+01   0.1992174E+01
   11  -0.2621029E+01  -0.5230542E+01   0.2241202E+01
   12  -0.4670222E+01  -0.5223584E+01   0.2395322E+00
   13  -0.4534483E+01  -0.3116544E+01  -0.1771609E+01
   14  -0.3884575E+01  -0.4165183E+00  -0.9266177E+00
   15  -0.5814277E+01   0.1188439E+01   0.5775759E+00
   16  -0.6171072E+01   0.3318151E+00   0.3337857E+01
   17  -0.8229212E+01   0.1419388E+01  -0.7416267E+00
   18  -0.1019167E+02  -0.2120802E+00  -0.7054234E+00
   19  -0.1260500E+02   0.8329440E+00  -0.1846678E+01
   20  -0.1012119E+02  -0.2318514E+01   0.1509967E+00
   21  -0.4829769E+01   0.3949357E+01   0.7218621E+00
   22  -0.6229057E+01   0.5712043E+01   0.3372575E+00
   23  -0.2415024E+01   0.4305650E+01   0.1411542E+01
   24  -0.1425148E+01   0.6841178E+01   0.1678249E+01
   25   0.8416416E+01  -0.8289359E+00   0.1176851E+01
   26   0.1046508E+02   0.6893550E+00   0.1053685E+01
   27   0.1209902E+02   0.7315016E+00   0.3401924E+01
   28   0.1098869E+02   0.1980416E+01  -0.7510054E+00
   29   0.5494512E+01   0.6656673E+01  -0.3874681E+01
   30   0.4694901E+01   0.6553454E+01  -0.6442000E+00
   31   0.2616441E+01   0.5300723E+01  -0.2912506E+01
   32   0.7665091E+01   0.3043035E+01  -0.2661554E+01
   33   0.9122881E+01  -0.6393283E+00  -0.3879092E+01
   34   0.6255176E+01  -0.2024446E+01  -0.4780875E+01
   35   0.8530966E+01  -0.3805611E+01  -0.3141921E+01
   36   0.6115788E+01  -0.4969993E+01   0.6841791E+00
   37   0.3961591E+01  -0.2813176E+01   0.1980996E+01
   38   0.1555169E+01  -0.2870509E+01  -0.2104601E+01
   39   0.3643135E+01  -0.5146348E+01  -0.3265894E+01
   40   0.2391573E+01  -0.8149544E+01   0.1192228E-01
   41  -0.1680080E+00  -0.7177994E+01  -0.1808353E+01
   42   0.9484081E+00  -0.5728296E+01   0.3675114E+01
   43  -0.3241572E+01  -0.4724871E+01   0.4114381E+01
   44  -0.4644266E+01  -0.7015113E+01  -0.7668357E+00
   45  -0.6486526E+01  -0.5130194E+01   0.1165007E+01
   46  -0.3069695E+01  -0.3618436E+01  -0.3121317E+01
   47  -0.6294435E+01  -0.3128770E+01  -0.2813488E+01
   48  -0.2140525E+01  -0.5082550E+00   0.1378971E+00
   49  -0.3460674E+01   0.6386801E+00  -0.2637918E+01
   50  -0.7068985E+01  -0.1492679E+01   0.3428339E+01
   51  -0.4363914E+01   0.2445041E+00   0.4295372E+01
   52  -0.7359702E+01   0.1678608E+01   0.4327009E+01
   53  -0.8626754E+01   0.3198543E+01  -0.1215733E+01
   54  -0.1363175E+02   0.1868425E+01  -0.4028915E+00
   55  -0.1376614E+02  -0.7249669E+00  -0.2474430E+01
   56  -0.1224391E+02   0.2104321E+01  -0.3410935E+01
   57  -0.1165910E+01   0.2902188E+01   0.1339279E+01
   58   0.4800301E+00   0.6706314E+01   0.2401341E+01
   59  -0.2567575E+01   0.7913443E+01   0.2989533E+01
   60  -0.1398289E+01   0.7841662E+01  -0.1098347E+00
   61   0.8104424E+01  -0.1690073E+01   0.2817547E+01
   62   0.1405141E+02   0.9187621E+00   0.2830987E+01
   63   0.1188157E+02  -0.9356449E+00   0.4569497E+01
   64   0.1160298E+02   0.2381278E+01   0.4514162E+01
 Initial ssvpot =     3.299


 Number of unique UNfrozen centers=   53

 Non-linear optimization requested.
 qchnge =    0.4515772411E-01
 qchnge =    0.1629474403E-02
 qchnge =    0.2621232485E-03
 qchnge =    0.4686430322E-04
 qchnge =    0.8473373030E-05
 qchnge =    0.1535522337E-05
 qchnge =    0.2784499991E-06

 Convergence in    6 iterations


Resp charges for organic molecule                                               

          Point Charges Before & After Optimization

    no.  At.no.    q(init)       q(opt)     ivary    d(rstr)/dq
    1   6       0.000000      -0.199943      0       0.002237
    2   7       0.000000      -0.566687      0       0.000869
    3   6       0.000000       0.790124      0       0.000628
    4   8       0.000000      -0.614409      0       0.000803
    5   6       0.000000       0.087604      0       0.003761
    6   6       0.000000      -0.452521      0       0.001079
    7   6       0.000000      -0.087950      0       0.003754
    8   6       0.000000      -0.076265      0       0.003976
    9   6       0.000000      -0.053105      0       0.004416
   10   6       0.000000      -0.205485      0       0.002188
   11   6       0.000000      -0.205485     10       0.002188
   12   6       0.000000      -0.043134      0       0.004591
   13   6       0.000000      -0.023456      0       0.004868
   14   6       0.000000      -0.066933      0       0.004155
   15   6       0.000000       0.087604      5       0.003761
   16   6       0.000000      -0.372625      0       0.001296
   17   7       0.000000      -0.687760      0       0.000719
   18   6       0.000000       0.892748      0       0.000557
   19   6       0.000000      -0.483989      0       0.001012
   20   8       0.000000      -0.657967      0       0.000751
   21   6       0.000000       0.790124      3       0.000628
   22   8       0.000000      -0.614409      4       0.000803
   23   7       0.000000      -0.566687      2       0.000869
   24   6       0.000000      -0.249278      0       0.001862
   25   7       0.000000      -0.687760     17       0.000719
   26   6       0.000000       0.892748     18       0.000557
   27   6       0.000000      -0.547902      0       0.000898
   28   8       0.000000      -0.657967     20       0.000751
   29   1       0.000000       0.117156      0       0.000000
   30   1       0.000000       0.100706      0       0.000000
   31   1       0.000000       0.116578      0       0.000000
   32   1       0.000000       0.393602      0       0.000000
   33   1       0.000000       0.144315      0       0.000000
   34   1       0.000000       0.097729      0       0.000000
   35   1       0.000000       0.159224      0       0.000000
   36   1       0.000000       0.076256      0       0.000000
   37   1       0.000000       0.063476      0       0.000000
   38   1       0.000000       0.071481      0       0.000000
   39   1       0.000000       0.041186      0       0.000000
   40   1       0.000000       0.041746      0       0.000000
   41   1       0.000000       0.070797      0       0.000000
   42   1       0.000000       0.119621      0       0.000000
   43   1       0.000000       0.119621     42       0.000000
   44   1       0.000000       0.052513      0       0.000000
   45   1       0.000000       0.085455      0       0.000000
   46   1       0.000000       0.023970      0       0.000000
   47   1       0.000000       0.034964      0       0.000000
   48   1       0.000000       0.013899      0       0.000000
   49   1       0.000000       0.033336      0       0.000000
   50   1       0.000000       0.174034      0       0.000000
   51   1       0.000000       0.073344      0       0.000000
   52   1       0.000000       0.111545      0       0.000000
   53   1       0.000000       0.327288      0       0.000000
   54   1       0.000000       0.133089      0       0.000000
   55   1       0.000000       0.129584      0       0.000000
   56   1       0.000000       0.118850      0       0.000000
   57   1       0.000000       0.393602     32       0.000000
   58   1       0.000000       0.118930      0       0.000000
   59   1       0.000000       0.135119      0       0.000000
   60   1       0.000000       0.110397      0       0.000000
   61   1       0.000000       0.327288     53       0.000000
   62   1       0.000000       0.159886      0       0.000000
   63   1       0.000000       0.140419      0       0.000000
   64   1       0.000000       0.149751      0       0.000000

 Sum over the calculated charges:     -0.000

        Statistics of the fitting:
  The initial sum of squares (ssvpot)                      3.299
  The residual sum of squares (chipot)                     0.027
  The std err of estimate (sqrt(chipot/N))               0.00147
  ESP relative RMS (SQRT(chipot/ssvpot))                 0.09120

 Center of Mass (Angst.):

 X  =   0.00000      Y  =   0.00000      Z  =   0.00000

 Dipole (Debye):

 X  =   6.09139      Y  =  -0.31650      Z  =   0.79709

 Dipole Moment (Debye)=   6.15147

 Quadrupole (Debye*Angst.):

 Qxx = -11.72167     QYY = -15.43138     QZZ =  27.15306
 Qxy = -58.19428     QXZ =  22.45671     QYZ = -26.47350
