log started: Sat Dec  7 11:49:31 2019

Log file: ./leap.log
>> #
>> # ----- leaprc for loading the ff14SB force field
>> # ----- NOTE: this is designed for PDB format 3!
>> #
>> #	load atom type hybridizations
>> #
>> addAtomTypes {
>> 	{ "H"   "H" "sp3" }
>> 	{ "HO"  "H" "sp3" }
>> 	{ "HS"  "H" "sp3" }
>> 	{ "H1"  "H" "sp3" }
>> 	{ "H2"  "H" "sp3" }
>> 	{ "H3"  "H" "sp3" }
>> 	{ "H4"  "H" "sp3" }
>> 	{ "H5"  "H" "sp3" }
>> 	{ "HW"  "H" "sp3" }
>> 	{ "HC"  "H" "sp3" }
>> 	{ "HA"  "H" "sp3" }
>> 	{ "HP"  "H" "sp3" }
>> 	{ "HZ"  "H" "sp3" }
>> 	{ "OH"  "O" "sp3" }
>> 	{ "OS"  "O" "sp3" }
>> 	{ "O"   "O" "sp2" }
>> 	{ "O2"  "O" "sp2" }
>> 	{ "OP"  "O" "sp2" }
>> 	{ "OW"  "O" "sp3" }
>> 	{ "CT"  "C" "sp3" }
>> 	{ "CU"  "C" "sp3" }
>> 	{ "CH"  "C" "sp3" }
>> 	{ "CX"  "C" "sp3" }
>> 	{ "C8"  "C" "sp3" }
>> 	{ "2C"  "C" "sp3" }
>> 	{ "3C"  "C" "sp3" }
>> 	{ "CH"  "C" "sp3" }
>> 	{ "CS"  "C" "sp2" }
>> 	{ "C"   "C" "sp2" }
>> 	{ "CO"   "C" "sp2" }
>> 	{ "C*"  "C" "sp2" }
>> 	{ "CA"  "C" "sp2" }
>> 	{ "CB"  "C" "sp2" }
>> 	{ "CC"  "C" "sp2" }
>> 	{ "CN"  "C" "sp2" }
>> 	{ "CM"  "C" "sp2" }
>> 	{ "CJ"  "C" "sp2"}
>> 	{ "CK"  "C" "sp2" }
>> 	{ "CQ"  "C" "sp2" }
>> 	{ "CD"  "C" "sp2" }
>> 	{ "C5"  "C" "sp2" }
>> 	{ "C4"  "C" "sp2" }
>> 	{ "CP"  "C" "sp2" }
>> 	{ "CI"  "C" "sp3" }
>> 	{ "CJ"  "C" "sp2" }
>> 	{ "CW"  "C" "sp2" }
>> 	{ "CV"  "C" "sp2" }
>> 	{ "CR"  "C" "sp2" }
>> 	{ "CA"  "C" "sp2" }
>> 	{ "CY"  "C" "sp2" }
>> 	{ "C0"  "Ca" "sp3" }
>> 	{ "MG"  "Mg" "sp3" }
>> 	{ "N"   "N" "sp2" }
>> 	{ "NA"  "N" "sp2" }
>> 	{ "N2"  "N" "sp2" }
>> 	{ "N*"  "N" "sp2" }
>> 	{ "NP"  "N" "sp2" }
>> 	{ "NQ"  "N" "sp2" }
>> 	{ "NB"  "N" "sp2" }
>> 	{ "NC"  "N" "sp2" }
>> 	{ "NT"  "N" "sp3" }
>> 	{ "NY"  "N" "sp2" }
>> 	{ "N3"  "N" "sp3" }
>> 	{ "S"   "S" "sp3" }
>> 	{ "SH"  "S" "sp3" }
>> 	{ "P"   "P" "sp3" }
>> 	{ "LP"  ""  "sp3" }
>> 	{ "EP"  ""  "sp3" }
>> 	{ "F"   "F" "sp3" }
>> 	{ "Cl"  "Cl" "sp3" }
>> 	{ "Br"  "Br" "sp3" }
>> 	{ "I"   "I"  "sp3" }
>> }
>> #
>> #	Load the main parameter set.
>> #
>> parm10 = loadamberparams parm10.dat
Loading parameters: /home/marie/Utilities/amber16/dat/leap/parm/parm10.dat
Reading title:
PARM99 + frcmod.ff99SB + frcmod.parmbsc0 + OL3 for RNA
(UNKNOWN ATOM TYPE: Zn)
(UNKNOWN ATOM TYPE: EP)
>> frcmod14SB = loadamberparams frcmod.ff14SB
Loading parameters: /home/marie/Utilities/amber16/dat/leap/parm/frcmod.ff14SB
Reading force field modification type file (frcmod)
Reading title:
ff14SB protein backbone and sidechain parameters
>> #
>> #	Load main chain and terminating amino acid libraries
>> #
>> loadOff amino12.lib
Loading library: /home/marie/Utilities/amber16/dat/leap/lib/amino12.lib
Loading: ALA
Loading: ARG
Loading: ASH
Loading: ASN
Loading: ASP
Loading: CYM
Loading: CYS
Loading: CYX
Loading: GLH
Loading: GLN
Loading: GLU
Loading: GLY
Loading: HID
Loading: HIE
Loading: HIP
Loading: HYP
Loading: ILE
Loading: LEU
Loading: LYN
Loading: LYS
Loading: MET
Loading: PHE
Loading: PRO
Loading: SER
Loading: THR
Loading: TRP
Loading: TYR
Loading: VAL
>> loadOff aminoct12.lib
Loading library: /home/marie/Utilities/amber16/dat/leap/lib/aminoct12.lib
Loading: CALA
Loading: CARG
Loading: CASN
Loading: CASP
Loading: CCYS
Loading: CCYX
Loading: CGLN
Loading: CGLU
Loading: CGLY
Loading: CHID
Loading: CHIE
Loading: CHIP
Loading: CHYP
Loading: CILE
Loading: CLEU
Loading: CLYS
Loading: CMET
Loading: CPHE
Loading: CPRO
Loading: CSER
Loading: CTHR
Loading: CTRP
Loading: CTYR
Loading: CVAL
Loading: NHE
Loading: NME
>> loadOff aminont12.lib
Loading library: /home/marie/Utilities/amber16/dat/leap/lib/aminont12.lib
Loading: ACE
Loading: NALA
Loading: NARG
Loading: NASN
Loading: NASP
Loading: NCYS
Loading: NCYX
Loading: NGLN
Loading: NGLU
Loading: NGLY
Loading: NHID
Loading: NHIE
Loading: NHIP
Loading: NILE
Loading: NLEU
Loading: NLYS
Loading: NMET
Loading: NPHE
Loading: NPRO
Loading: NSER
Loading: NTHR
Loading: NTRP
Loading: NTYR
Loading: NVAL
>> 
>> #
>> #	Define the PDB name map for the amino acids
>> #
>> addPdbResMap {
>>   { 0 "HYP" "HYP" } { 1 "HYP" "CHYP" }
>>   { 0 "ALA" "NALA" } { 1 "ALA" "CALA" }
>>   { 0 "ARG" "NARG" } { 1 "ARG" "CARG" }
>>   { 0 "ASN" "NASN" } { 1 "ASN" "CASN" }
>>   { 0 "ASP" "NASP" } { 1 "ASP" "CASP" }
>>   { 0 "CYS" "NCYS" } { 1 "CYS" "CCYS" }
>>   { 0 "CYX" "NCYX" } { 1 "CYX" "CCYX" }
>>   { 0 "GLN" "NGLN" } { 1 "GLN" "CGLN" }
>>   { 0 "GLU" "NGLU" } { 1 "GLU" "CGLU" }
>>   { 0 "GLY" "NGLY" } { 1 "GLY" "CGLY" }
>>   { 0 "HID" "NHID" } { 1 "HID" "CHID" }
>>   { 0 "HIE" "NHIE" } { 1 "HIE" "CHIE" }
>>   { 0 "HIP" "NHIP" } { 1 "HIP" "CHIP" }
>>   { 0 "ILE" "NILE" } { 1 "ILE" "CILE" }
>>   { 0 "LEU" "NLEU" } { 1 "LEU" "CLEU" }
>>   { 0 "LYS" "NLYS" } { 1 "LYS" "CLYS" }
>>   { 0 "MET" "NMET" } { 1 "MET" "CMET" }
>>   { 0 "PHE" "NPHE" } { 1 "PHE" "CPHE" }
>>   { 0 "PRO" "NPRO" } { 1 "PRO" "CPRO" }
>>   { 0 "SER" "NSER" } { 1 "SER" "CSER" }
>>   { 0 "THR" "NTHR" } { 1 "THR" "CTHR" }
>>   { 0 "TRP" "NTRP" } { 1 "TRP" "CTRP" }
>>   { 0 "TYR" "NTYR" } { 1 "TYR" "CTYR" }
>>   { 0 "VAL" "NVAL" } { 1 "VAL" "CVAL" }
>>   { 0 "HIS" "NHIS" } { 1 "HIS" "CHIS" }
>> }
>> 
>> #
>> # assume that most often proteins use HIE
>> #
>> NHIS = NHIE
>> HIS = HIE
>> CHIS = CHIE
> 
> BS5 = loadmol2 newcharges.mol2 
Loading Mol2 file: ./newcharges.mol2
Reading MOLECULE named BS5
> remove BS5 BS5.1.1
Breaking bond: .R<BS5 1>.A<C1 1> - .R<BS5 1>.A<N1 2>
Breaking bond: .R<BS5 1>.A<C1 1> - .R<BS5 1>.A<H1 29>
Breaking bond: .R<BS5 1>.A<C1 1> - .R<BS5 1>.A<H2 30>
Breaking bond: .R<BS5 1>.A<C1 1> - .R<BS5 1>.A<H3 31>
> remove BS5 BS5.1.2
Breaking bond: .R<BS5 1>.A<N1 2> - .R<BS5 1>.A<C 3>
Breaking bond: .R<BS5 1>.A<N1 2> - .R<BS5 1>.A<H4 32>
> remove BS5 BS5.1.12
Breaking bond: .R<BS5 1>.A<CG 12> - .R<BS5 1>.A<CY 11>
Breaking bond: .R<BS5 1>.A<CG 12> - .R<BS5 1>.A<CH 13>
Breaking bond: .R<BS5 1>.A<CG 12> - .R<BS5 1>.A<HG1 44>
Breaking bond: .R<BS5 1>.A<CG 12> - .R<BS5 1>.A<HG2 45>
> remove BS5 BS5.1.13
Breaking bond: .R<BS5 1>.A<CH 13> - .R<BS5 1>.A<CI 14>
Breaking bond: .R<BS5 1>.A<CH 13> - .R<BS5 1>.A<HH1 46>
Breaking bond: .R<BS5 1>.A<CH 13> - .R<BS5 1>.A<HH2 47>
> remove BS5 BS5.1.14
Breaking bond: .R<BS5 1>.A<CI 14> - .R<BS5 1>.A<CJ 15>
Breaking bond: .R<BS5 1>.A<CI 14> - .R<BS5 1>.A<HI1 48>
Breaking bond: .R<BS5 1>.A<CI 14> - .R<BS5 1>.A<HI2 49>
> remove BS5 BS5.1.15
Breaking bond: .R<BS5 1>.A<CJ 15> - .R<BS5 1>.A<C14 16>
Breaking bond: .R<BS5 1>.A<CJ 15> - .R<BS5 1>.A<N2 17>
Breaking bond: .R<BS5 1>.A<CJ 15> - .R<BS5 1>.A<C17 21>
> remove BS5 BS5.1.16
Breaking bond: .R<BS5 1>.A<C14 16> - .R<BS5 1>.A<H22 50>
Breaking bond: .R<BS5 1>.A<C14 16> - .R<BS5 1>.A<H23 51>
Breaking bond: .R<BS5 1>.A<C14 16> - .R<BS5 1>.A<H24 52>
> remove BS5 BS5.1.17
Breaking bond: .R<BS5 1>.A<N2 17> - .R<BS5 1>.A<C15 18>
Breaking bond: .R<BS5 1>.A<N2 17> - .R<BS5 1>.A<H25 53>
> remove BS5 BS5.1.18
Breaking bond: .R<BS5 1>.A<C15 18> - .R<BS5 1>.A<C16 19>
Breaking bond: .R<BS5 1>.A<C15 18> - .R<BS5 1>.A<O2 20>
> remove BS5 BS5.1.19
Breaking bond: .R<BS5 1>.A<C16 19> - .R<BS5 1>.A<H26 54>
Breaking bond: .R<BS5 1>.A<C16 19> - .R<BS5 1>.A<H27 55>
Breaking bond: .R<BS5 1>.A<C16 19> - .R<BS5 1>.A<H28 56>
> remove BS5 BS5.1.20
> remove BS5 BS5.1.21
Breaking bond: .R<BS5 1>.A<C17 21> - .R<BS5 1>.A<O3 22>
Breaking bond: .R<BS5 1>.A<C17 21> - .R<BS5 1>.A<N3 23>
> remove BS5 BS5.1.22
> remove BS5 BS5.1.23
Breaking bond: .R<BS5 1>.A<N3 23> - .R<BS5 1>.A<C18 24>
Breaking bond: .R<BS5 1>.A<N3 23> - .R<BS5 1>.A<H29 57>
> remove BS5 BS5.1.24
Breaking bond: .R<BS5 1>.A<C18 24> - .R<BS5 1>.A<H30 58>
Breaking bond: .R<BS5 1>.A<C18 24> - .R<BS5 1>.A<H31 59>
Breaking bond: .R<BS5 1>.A<C18 24> - .R<BS5 1>.A<H32 60>
> remove BS5 BS5.1.26
Breaking bond: .R<BS5 1>.A<C19 26> - .R<BS5 1>.A<N 25>
Breaking bond: .R<BS5 1>.A<C19 26> - .R<BS5 1>.A<C20 27>
Breaking bond: .R<BS5 1>.A<C19 26> - .R<BS5 1>.A<O4 28>
> remove BS5 BS5.1.27
Breaking bond: .R<BS5 1>.A<C20 27> - .R<BS5 1>.A<H34 62>
Breaking bond: .R<BS5 1>.A<C20 27> - .R<BS5 1>.A<H35 63>
Breaking bond: .R<BS5 1>.A<C20 27> - .R<BS5 1>.A<H36 64>
> remove BS5 BS5.1.28
> remove BS5 BS5.1.29
> remove BS5 BS5.1.30
> remove BS5 BS5.1.31
> remove BS5 BS5.1.32
> remove BS5 BS5.1.44
> remove BS5 BS5.1.45
> remove BS5 BS5.1.46
> remove BS5 BS5.1.47
> remove BS5 BS5.1.48
> remove BS5 BS5.1.49
> remove BS5 BS5.1.50
> remove BS5 BS5.1.51
> remove BS5 BS5.1.52
> remove BS5 BS5.1.53
> remove BS5 BS5.1.54
> remove BS5 BS5.1.55
> remove BS5 BS5.1.56
> remove BS5 BS5.1.57
> remove BS5 BS5.1.58
> remove BS5 BS5.1.59
> remove BS5 BS5.1.60
> remove BS5 BS5.1.62
> remove BS5 BS5.1.63
> remove BS5 BS5.1.64
> set BS5 head BS5.1.N 
> set BS5 tail BS5.1.C 
> impose BS5 { 1 2 3 } { { "N" "CA" "C" "O" 0.0 } { "H" "N" "CA" "C"  0.0 } { "CA" "CB" "CC" "CD" 180 } { "CB" "CC" "CD" "CE" 180 } } 
> saveoff  BS5 BS5.lib 
 Creating BS5.lib
Saving BS5.
Building topology.
Building atom parameters.
> seq = sequence { ACE BS5 NME }
Sequence: ACE
Sequence: BS5
Joining ACE - BS5
Sequence: NME
Joining BS5 - NME
> savemol2 seq ACE-BS5-NME.mol2 1 
Writing mol2 file: ACE-BS5-NME.mol2
> loadoff /home/marie/GIT_Custom_residus_parametrization/001_Charge_deriv_knime_RDKIT_R.E.D/02_run_RESP_locally/ethyl.lib  
Loading library: /home/marie/GIT_Custom_residus_parametrization/001_Charge_deriv_knime_RDKIT_R.E.D/02_run_RESP_locally/ethyl.lib
Loading: ETH
> seq = combine { ETH  seq } 
  Sequence: ETH
  Sequence: ACE
> bond seq.1.CY seq.3.CY 
> select seq.1 
> relax seq.1 
 (used 5 default bond params)
 (used 11 default angle params)
Gradient RMS=151236.831808
Gradient RMS=5107.637097
Gradient RMS=398.352657
Gradient RMS=74.641039
Gradient RMS=96.556391
Gradient RMS=23.460397
Gradient RMS=170.712877
Gradient RMS=567.595575
Gradient RMS=43.673282
Gradient RMS=89.707934
Gradient RMS=483.490303
Gradient RMS=88.184933
Gradient RMS=26.508211
Gradient RMS=145.781317
Gradient RMS=179.929755
Gradient RMS=25.498653
Gradient RMS=60.250196
Gradient RMS=237.459125
Gradient RMS=98.186757
Gradient RMS=27.286841
Gradient RMS=14.841214
Gradient RMS=94.251571
Gradient RMS=21.346738
Gradient RMS=22.987307
Gradient RMS=37.621910
Gradient RMS=3.661631
Gradient RMS=13.934745
Gradient RMS=51.726840
Gradient RMS=136.499900
Gradient RMS=38.979837
Gradient RMS=71.116198
Gradient RMS=23.251594
Gradient RMS=4.569060
Gradient RMS=12.317809
Gradient RMS=45.596966
Gradient RMS=115.739586
Gradient RMS=76.894926
Gradient RMS=9.590854
Gradient RMS=4.160642
Gradient RMS=107.315211
Gradient RMS=1.921745
Gradient RMS=2.903439
Gradient RMS=7.421191
Gradient RMS=11.981401
Gradient RMS=5.935403
Gradient RMS=1.145332
Gradient RMS=9.820957
Gradient RMS=5.048341
Gradient RMS=3.215528
Gradient RMS=1.697593
Gradient RMS=0.450081
Gradient RMS=2.997637
Gradient RMS=6.878224
Gradient RMS=18.579584
Gradient RMS=12.860551
Gradient RMS=3160.681480
Gradient RMS=2086.756742
Gradient RMS=1405.816396
Gradient RMS=23.627985
Gradient RMS=36.100503
Gradient RMS=116.298346
Gradient RMS=76.855061
Gradient RMS=18.278374
Gradient RMS=6.550324
Gradient RMS=16.246925
Gradient RMS=5.140943
Gradient RMS=8.677622
Gradient RMS=76.989804
Gradient RMS=115.884213
Gradient RMS=2.477317
Gradient RMS=1.664309
Gradient RMS=5.544648
Gradient RMS=1.072569
Gradient RMS=1.168099
Gradient RMS=0.788940
Gradient RMS=0.322262
Gradient RMS=2.838883
Gradient RMS=0.225874
Gradient RMS=0.389840
Gradient RMS=0.174361
Gradient RMS=0.697427
Gradient RMS=0.623378
Gradient RMS=0.411027
Gradient RMS=0.225355
Gradient RMS=0.274390
Gradient RMS=0.094394
Gradient RMS=1.038855
Gradient RMS=0.733298
Gradient RMS=0.284248
Gradient RMS=0.177209
Search terminated when max number of steps were taken!
Number of conjugate gradient steps taken: 900
> select seq 
> relax seq
 (used 5 default bond params)
 (used 11 default angle params)
Gradient RMS=10.855447
Gradient RMS=1.142992
Gradient RMS=0.757599
Gradient RMS=0.249798
Gradient RMS=0.090820
Gradient RMS=0.068738
Gradient RMS=0.043009
Gradient RMS=0.036113
Gradient RMS=0.028347
Search terminated when RMS gradient became small enough!
Number of conjugate gradient steps taken: 81
> savemol2 seq ACE-BS5-NME.mol2 1 
Writing mol2 file: ACE-BS5-NME.mol2
 quit
	Quit
