
 -----------------------------------------------
      Restrained ESP Fit 2.3  Amber 4.1
 -----------------------------------------------
 Resp charges for organic molecule                                               
 -----------------------------------------------


 inopt       =     0   ioutopt     =     1
 nmol        =     1   iqopt       =     2
 ihfree      =     1   irstrnt     =     1
 iunits      =     0   qwt         =   0.00100000
 wtmol(1) =     1.000000
 subtitle:

Resp charges for organic molecule                                               
ich =   0  iuniq =  64
    1    6    0
    2    7  -99
    3    6  -99
    4    8  -99
    5    6  -99
    6    6    0
    7    6    0
    8    6    0
    9    6    0
   10    6  -99
   11    6  -99
   12    6    9
   13    6    8
   14    6    7
   15    6  -99
   16    6    6
   17    7  -99
   18    6  -99
   19    6    0
   20    8  -99
   21    6  -99
   22    8  -99
   23    7  -99
   24    6    1
   25    7  -99
   26    6  -99
   27    6   19
   28    8  -99
   29    1    0
   30    1   29
   31    1   29
   32    1  -99
   33    1    0
   34    1   33
   35    1   33
   36    1    0
   37    1   36
   38    1    0
   39    1   38
   40    1    0
   41    1   40
   42    1  -99
   43    1  -99
   44    1   40
   45    1   40
   46    1   38
   47    1   38
   48    1   36
   49    1   36
   50    1   33
   51    1   33
   52    1   33
   53    1  -99
   54    1    0
   55    1   54
   56    1   54
   57    1  -99
   58    1   29
   59    1   29
   60    1   29
   61    1  -99
   62    1   54
   63    1   54
   64    1   54
 new q0 values to be read  64

  ----------------------------------------------------------------------------
     ATOM                       COORDINATES                         CHARGE
                       X             Y                Z
  ----------------------------------------------------------------------------
  ----------------------------------------------------------------------------


 Charge on the molecule(ich) =    0
 Total number of atoms (iuniq)     =   64
 Weight factor on initial charge restraints(qwt)=     0.10000D-02


  there are  1 charge constraints:


     1       1
     2       1
     3       1
     4       1
     5       1
     6       1
     7       1
     8       1
     9       1
    10       1
    11       1
    12       1
    13       1
    14       1
    15       1
    16       1
    17       1
    18       1
    19       1
    20       1
    21       1
    22       1
    23       1
    24       1
    25       1
    26       1
    27       1
    28       1
    29       1
    30       1
    31       1
    32       1
    33       1
    34       1
    35       1
    36       1
    37       1
    38       1
    39       1
    40       1
    41       1
    42       1
    43       1
    44       1
    45       1
    46       1
    47       1
    48       1
    49       1
    50       1
    51       1
    52       1
    53       1
    54       1
    55       1
    56       1
    57       1
    58       1
    59       1
    60       1
    61       1
    62       1
    63       1
    64       1

 Reading esp"s for molecule   1
 total number of atoms      =    64
 total number of esp points = 13977


 center     X       Y       Z 
    1  -0.7134802E+01   0.5453936E+01   0.1087384E+01
    2  -0.7791941E+01   0.2796222E+01   0.1087617E+01
    3  -0.8174809E+01   0.1576334E+01  -0.1126464E+01
    4  -0.7591313E+01   0.2467115E+01  -0.3128379E+01
    5  -0.9170271E+01  -0.1151675E+01  -0.9436214E+00
    6  -0.1031765E+02  -0.1936793E+01  -0.3483039E+01
    7  -0.7008742E+01  -0.2962213E+01  -0.1345031E+00
    8  -0.4660714E+01  -0.3204314E+01  -0.1833677E+01
    9  -0.2577558E+01  -0.1186975E+01  -0.1554798E+01
   10  -0.1536769E+01  -0.9486254E+00   0.1091704E+01
   11   0.5613507E+00  -0.1962076E+01   0.2001564E+01
   12   0.2434198E+01  -0.3610204E+01   0.6167291E+00
   13   0.4862904E+01  -0.2234106E+01  -0.2033345E+00
   14   0.6360803E+01  -0.1173369E+01   0.2040783E+01
   15   0.9009509E+01  -0.3842947E-01   0.1513540E+01
   16   0.1004418E+02   0.9845699E+00   0.4028389E+01
   17   0.1065650E+02  -0.2043431E+01   0.5941884E+00
   18   0.1302878E+02  -0.1541621E+01  -0.2829430E+00
   19   0.1421553E+02  -0.3641517E+01  -0.1814647E+01
   20   0.1410534E+02   0.4116503E+00   0.1232517E+00
   21   0.8756268E+01   0.1975582E+01  -0.5877161E+00
   22   0.8750939E+01   0.1355066E+01  -0.2772615E+01
   23   0.8352678E+01   0.4387464E+01   0.1386681E+00
   24   0.8194491E+01   0.6381692E+01  -0.1731745E+01
   25  -0.1105881E+02  -0.1358787E+01   0.1084722E+01
   26  -0.1325762E+02  -0.1781256E-01   0.1134472E+01
   27  -0.1522275E+02  -0.9722735E+00   0.2982668E+01
   28  -0.1360890E+02   0.1800102E+01  -0.1695368E+00
   29  -0.8666745E+01   0.6616265E+01   0.3781455E+00
   30  -0.5493409E+01   0.5757929E+01  -0.8604111E-01
   31  -0.6693309E+01   0.6017925E+01   0.3003368E+01
   32  -0.8718725E+01   0.2139676E+01   0.2581668E+01
   33  -0.8961192E+01  -0.1753482E+01  -0.4994557E+01
   34  -0.1094107E+02  -0.3889721E+01  -0.3374830E+01
   35  -0.1191753E+02  -0.7519749E+00  -0.3937246E+01
   36  -0.7865897E+01  -0.4828067E+01  -0.1660880E-01
   37  -0.6431214E+01  -0.2475813E+01   0.1771760E+01
   38  -0.3815901E+01  -0.5024645E+01  -0.1399930E+01
   39  -0.5224988E+01  -0.3292868E+01  -0.3801344E+01
   40  -0.3280623E+01   0.6340919E+00  -0.2164396E+01
   41  -0.1078608E+01  -0.1679184E+01  -0.2862209E+01
   42  -0.2648940E+01   0.1906223E+00   0.2362775E+01
   43   0.1013005E+01  -0.1576379E+01   0.3952010E+01
   44   0.1566171E+01  -0.4426112E+01  -0.1049304E+01
   45   0.2938928E+01  -0.5191726E+01   0.1832276E+01
   46   0.6000305E+01  -0.3562213E+01  -0.1279683E+01
   47   0.4380381E+01  -0.7270022E+00  -0.1499823E+01
   48   0.6628208E+01  -0.2652414E+01   0.3443260E+01
   49   0.5245307E+01   0.2915809E+00   0.2939365E+01
   50   0.1033409E+02  -0.5888481E+00   0.5305648E+01
   51   0.8705115E+01   0.2258294E+01   0.4919097E+01
   52   0.1183049E+02   0.1937978E+01   0.3777135E+01
   53   0.9782900E+01  -0.3463563E+01  -0.2717369E+00
   54   0.1624293E+02  -0.3402830E+01  -0.1816087E+01
   55   0.1353574E+02  -0.3507180E+01  -0.3746061E+01
   56   0.1373448E+02  -0.5494790E+01  -0.1085228E+01
   57   0.8816649E+01   0.4884144E+01   0.1885569E+01
   58   0.7639229E+01   0.8112176E+01  -0.7942235E+00
   59   0.6787835E+01   0.5904336E+01  -0.3130994E+01
   60   0.9984367E+01   0.6674873E+01  -0.2685117E+01
   61  -0.1104494E+02  -0.2978843E+01   0.2042006E+01
   62  -0.1651312E+02   0.5477068E+00   0.3420094E+01
   63  -0.1438214E+02  -0.1685963E+01   0.4709860E+01
   64  -0.1628329E+02  -0.2496366E+01   0.2108785E+01
 Initial ssvpot =     5.902


 Number of unique UNfrozen centers=   12

 Non-linear optimization requested.
 qchnge =    0.4384556729E-01
 qchnge =    0.8026609599E-03
 qchnge =    0.1223924047E-03
 qchnge =    0.2058384092E-04
 qchnge =    0.3502689322E-05
 qchnge =    0.5971557423E-06

 Convergence in    5 iterations


Resp charges for organic molecule                                               

          Point Charges Before & After Optimization

    no.  At.no.    q(init)       q(opt)     ivary    d(rstr)/dq
    1   6      -0.166949      -0.403462      0       0.002406
    2   7      -0.525431      -0.525431    -99       0.001870
    3   6       0.840772       0.840772    -99       0.001181
    4   8      -0.623633      -0.623633    -99       0.001583
    5   6       0.112428       0.112428    -99       0.006646
    6   6      -0.377563      -0.165593      0       0.005169
    7   6      -0.029780      -0.056478      0       0.008708
    8   6      -0.093352      -0.007906      0       0.009969
    9   6      -0.001990      -0.024527      0       0.009712
   10   6      -0.203463      -0.203463    -99       0.004411
   11   6      -0.203463      -0.203463    -99       0.004411
   12   6       0.060879      -0.024527      9       0.009712
   13   6      -0.120442      -0.007906      8       0.009969
   14   6      -0.138528      -0.056478      7       0.008708
   15   6       0.112428       0.112428    -99       0.006646
   16   6      -0.429182      -0.165593      6       0.005169
   17   7      -0.763989      -0.763989    -99       0.001298
   18   6       0.869077       0.869077    -99       0.001143
   19   6      -0.456408      -0.429884      0       0.002266
   20   8      -0.620799      -0.620799    -99       0.001590
   21   6       0.840772       0.840772    -99       0.001181
   22   8      -0.623633      -0.623633    -99       0.001583
   23   7      -0.525431      -0.525431    -99       0.001870
   24   6      -0.250822      -0.403462      1       0.002406
   25   7      -0.763989      -0.763989    -99       0.001298
   26   6       0.869077       0.869077    -99       0.001143
   27   6      -0.511810      -0.429884     19       0.002266
   28   8      -0.620799      -0.620799    -99       0.001590
   29   1       0.104401       0.166998      0       0.000000
   30   1       0.107325       0.166998     29       0.000000
   31   1       0.087298       0.166998     29       0.000000
   32   1       0.325768       0.325768    -99       0.000000
   33   1       0.113638       0.060654      0       0.000000
   34   1       0.098377       0.060654     33       0.000000
   35   1       0.142022       0.060654     33       0.000000
   36   1       0.061706       0.014075      0       0.000000
   37   1      -0.020198       0.014075     36       0.000000
   38   1       0.043583       0.017604      0       0.000000
   39   1       0.040231       0.017604     38       0.000000
   40   1       0.059268       0.057311      0       0.000000
   41   1       0.053832       0.057311     40       0.000000
   42   1       0.111625       0.111625    -99       0.000000
   43   1       0.111625       0.111625    -99       0.000000
   44   1       0.035131       0.057311     40       0.000000
   45   1       0.012028       0.057311     40       0.000000
   46   1       0.036282       0.017604     38       0.000000
   47   1       0.078143       0.017604     38       0.000000
   48   1       0.119832       0.014075     36       0.000000
   49   1       0.028804       0.014075     36       0.000000
   50   1       0.142794       0.060654     33       0.000000
   51   1       0.087491       0.060654     33       0.000000
   52   1       0.155226       0.060654     33       0.000000
   53   1       0.363698       0.363698    -99       0.000000
   54   1       0.125940       0.113620      0       0.000000
   55   1       0.130454       0.113620     54       0.000000
   56   1       0.116890       0.113620     54       0.000000
   57   1       0.325768       0.325768    -99       0.000000
   58   1       0.123039       0.166998     29       0.000000
   59   1       0.126596       0.166998     29       0.000000
   60   1       0.120872       0.166998     29       0.000000
   61   1       0.363698       0.363698    -99       0.000000
   62   1       0.147120       0.113620     54       0.000000
   63   1       0.114607       0.113620     54       0.000000
   64   1       0.151109       0.113620     54       0.000000

 Sum over the calculated charges:     -0.000

        Statistics of the fitting:
  The initial sum of squares (ssvpot)                      5.902
  The residual sum of squares (chipot)                     0.076
  The std err of estimate (sqrt(chipot/N))               0.00234
  ESP relative RMS (SQRT(chipot/ssvpot))                 0.11365

 Center of Mass (Angst.):

 X  =   0.00000      Y  =   0.00000      Z  =   0.00000

 Dipole (Debye):

 X  =  -2.41674      Y  =  -4.38631      Z  =   6.62502

 Dipole Moment (Debye)=   8.30489

 Quadrupole (Debye*Angst.):

 Qxx = -67.81080     QYY =  61.30692     QZZ =   6.50388
 Qxy =  35.77654     QXZ = -65.55259     QYZ =  21.49799
