log started: Mon Nov 19 16:16:23 2018

Log file: ./leap.log
>> #
>> # ----- leaprc for loading the ff14SB force field
>> # ----- NOTE: this is designed for PDB format 3!
>> #
>> #	load atom type hybridizations
>> #
>> addAtomTypes {
>> 	{ "H"   "H" "sp3" }
>> 	{ "HO"  "H" "sp3" }
>> 	{ "HS"  "H" "sp3" }
>> 	{ "H1"  "H" "sp3" }
>> 	{ "H2"  "H" "sp3" }
>> 	{ "H3"  "H" "sp3" }
>> 	{ "H4"  "H" "sp3" }
>> 	{ "H5"  "H" "sp3" }
>> 	{ "HW"  "H" "sp3" }
>> 	{ "HC"  "H" "sp3" }
>> 	{ "HA"  "H" "sp3" }
>> 	{ "HP"  "H" "sp3" }
>> 	{ "HZ"  "H" "sp3" }
>> 	{ "OH"  "O" "sp3" }
>> 	{ "OS"  "O" "sp3" }
>> 	{ "O"   "O" "sp2" }
>> 	{ "O2"  "O" "sp2" }
>> 	{ "OP"  "O" "sp2" }
>> 	{ "OW"  "O" "sp3" }
>> 	{ "CT"  "C" "sp3" }
>> 	{ "CX"  "C" "sp3" }
>> 	{ "C8"  "C" "sp3" }
>> 	{ "2C"  "C" "sp3" }
>> 	{ "3C"  "C" "sp3" }
>> 	{ "CH"  "C" "sp3" }
>> 	{ "CS"  "C" "sp2" }
>> 	{ "C"   "C" "sp2" }
>> 	{ "CO"   "C" "sp2" }
>> 	{ "C*"  "C" "sp2" }
>> 	{ "CA"  "C" "sp2" }
>> 	{ "CB"  "C" "sp2" }
>> 	{ "CC"  "C" "sp2" }
>> 	{ "CN"  "C" "sp2" }
>> 	{ "CM"  "C" "sp2" }
>> 	{ "CK"  "C" "sp2" }
>> 	{ "CQ"  "C" "sp2" }
>> 	{ "CD"  "C" "sp2" }
>> 	{ "C5"  "C" "sp2" }
>> 	{ "C4"  "C" "sp2" }
>> 	{ "CP"  "C" "sp2" }
>> 	{ "CI"  "C" "sp3" }
>> 	{ "CJ"  "C" "sp2" }
>> 	{ "CW"  "C" "sp2" }
>> 	{ "CV"  "C" "sp2" }
>> 	{ "CR"  "C" "sp2" }
>> 	{ "CA"  "C" "sp2" }
>> 	{ "CY"  "C" "sp2" }
>> 	{ "C0"  "Ca" "sp3" }
>> 	{ "MG"  "Mg" "sp3" }
>> 	{ "N"   "N" "sp2" }
>> 	{ "NA"  "N" "sp2" }
>> 	{ "N2"  "N" "sp2" }
>> 	{ "N*"  "N" "sp2" }
>> 	{ "NP"  "N" "sp2" }
>> 	{ "NQ"  "N" "sp2" }
>> 	{ "NB"  "N" "sp2" }
>> 	{ "NC"  "N" "sp2" }
>> 	{ "NT"  "N" "sp3" }
>> 	{ "NY"  "N" "sp2" }
>> 	{ "N3"  "N" "sp3" }
>> 	{ "S"   "S" "sp3" }
>> 	{ "SH"  "S" "sp3" }
>> 	{ "P"   "P" "sp3" }
>> 	{ "LP"  ""  "sp3" }
>> 	{ "EP"  ""  "sp3" }
>> 	{ "F"   "F" "sp3" }
>> 	{ "Cl"  "Cl" "sp3" }
>> 	{ "Br"  "Br" "sp3" }
>> 	{ "I"   "I"  "sp3" }
>> }
>> #
>> #	Load the main parameter set.
>> #
>> parm10 = loadamberparams parm10.dat
Loading parameters: /home/marie/Utilities/amber17/dat/leap/parm/parm10.dat
Reading title:
PARM99 + frcmod.ff99SB + frcmod.parmbsc0 + OL3 for RNA
(UNKNOWN ATOM TYPE: Zn)
(UNKNOWN ATOM TYPE: EP)
>> frcmod14SB = loadamberparams frcmod.ff14SB
Loading parameters: /home/marie/Utilities/amber17/dat/leap/parm/frcmod.ff14SB
Reading force field modification type file (frcmod)
Reading title:
ff14SB protein backbone and sidechain parameters
>> #
>> #	Load main chain and terminating amino acid libraries
>> #
>> loadOff amino12.lib
Loading library: /home/marie/Utilities/amber17/dat/leap/lib/amino12.lib
Loading: ALA
Loading: ARG
Loading: ASH
Loading: ASN
Loading: ASP
Loading: CYM
Loading: CYS
Loading: CYX
Loading: GLH
Loading: GLN
Loading: GLU
Loading: GLY
Loading: HID
Loading: HIE
Loading: HIP
Loading: HYP
Loading: ILE
Loading: LEU
Loading: LYN
Loading: LYS
Loading: MET
Loading: PHE
Loading: PRO
Loading: SER
Loading: THR
Loading: TRP
Loading: TYR
Loading: VAL
>> loadOff aminoct12.lib
Loading library: /home/marie/Utilities/amber17/dat/leap/lib/aminoct12.lib
Loading: CALA
Loading: CARG
Loading: CASN
Loading: CASP
Loading: CCYS
Loading: CCYX
Loading: CGLN
Loading: CGLU
Loading: CGLY
Loading: CHID
Loading: CHIE
Loading: CHIP
Loading: CHYP
Loading: CILE
Loading: CLEU
Loading: CLYS
Loading: CMET
Loading: CPHE
Loading: CPRO
Loading: CSER
Loading: CTHR
Loading: CTRP
Loading: CTYR
Loading: CVAL
Loading: NHE
Loading: NME
>> loadOff aminont12.lib
Loading library: /home/marie/Utilities/amber17/dat/leap/lib/aminont12.lib
Loading: ACE
Loading: NALA
Loading: NARG
Loading: NASN
Loading: NASP
Loading: NCYS
Loading: NCYX
Loading: NGLN
Loading: NGLU
Loading: NGLY
Loading: NHID
Loading: NHIE
Loading: NHIP
Loading: NILE
Loading: NLEU
Loading: NLYS
Loading: NMET
Loading: NPHE
Loading: NPRO
Loading: NSER
Loading: NTHR
Loading: NTRP
Loading: NTYR
Loading: NVAL
>> 
>> #
>> #	Define the PDB name map for the amino acids
>> #
>> addPdbResMap {
>>   { 0 "HYP" "HYP" } { 1 "HYP" "CHYP" }
>>   { 0 "ALA" "NALA" } { 1 "ALA" "CALA" }
>>   { 0 "ARG" "NARG" } { 1 "ARG" "CARG" }
>>   { 0 "ASN" "NASN" } { 1 "ASN" "CASN" }
>>   { 0 "ASP" "NASP" } { 1 "ASP" "CASP" }
>>   { 0 "CYS" "NCYS" } { 1 "CYS" "CCYS" }
>>   { 0 "CYX" "NCYX" } { 1 "CYX" "CCYX" }
>>   { 0 "GLN" "NGLN" } { 1 "GLN" "CGLN" }
>>   { 0 "GLU" "NGLU" } { 1 "GLU" "CGLU" }
>>   { 0 "GLY" "NGLY" } { 1 "GLY" "CGLY" }
>>   { 0 "HID" "NHID" } { 1 "HID" "CHID" }
>>   { 0 "HIE" "NHIE" } { 1 "HIE" "CHIE" }
>>   { 0 "HIP" "NHIP" } { 1 "HIP" "CHIP" }
>>   { 0 "ILE" "NILE" } { 1 "ILE" "CILE" }
>>   { 0 "LEU" "NLEU" } { 1 "LEU" "CLEU" }
>>   { 0 "LYS" "NLYS" } { 1 "LYS" "CLYS" }
>>   { 0 "MET" "NMET" } { 1 "MET" "CMET" }
>>   { 0 "PHE" "NPHE" } { 1 "PHE" "CPHE" }
>>   { 0 "PRO" "NPRO" } { 1 "PRO" "CPRO" }
>>   { 0 "SER" "NSER" } { 1 "SER" "CSER" }
>>   { 0 "THR" "NTHR" } { 1 "THR" "CTHR" }
>>   { 0 "TRP" "NTRP" } { 1 "TRP" "CTRP" }
>>   { 0 "TYR" "NTYR" } { 1 "TYR" "CTYR" }
>>   { 0 "VAL" "NVAL" } { 1 "VAL" "CVAL" }
>>   { 0 "HIS" "NHIS" } { 1 "HIS" "CHIS" }
>> }
>> 
>> #
>> # assume that most often proteins use HIE
>> #
>> NHIS = NHIE
>> HIS = HIE
>> CHIS = CHIE
> 
> loadoff CO1.lib
Loading library: ./CO1.lib
Loading: CO1
> loadoff   CO2.lib
Loading library: ./CO2.lib
Loading: CO2
> source leaprc.protein.ff14SB
----- Source: /home/marie/Utilities/amber17/dat/leap/cmd/leaprc.protein.ff14SB
----- Source of /home/marie/Utilities/amber17/dat/leap/cmd/leaprc.protein.ff14SB done
>> logFile leap.log
log started: Mon Nov 19 16:16:49 2018

Log file: ./leap.log
>> #
>> # ----- leaprc for loading the ff14SB force field
>> # ----- NOTE: this is designed for PDB format 3!
>> #
>> #	load atom type hybridizations
>> #
>> addAtomTypes {
>> 	{ "H"   "H" "sp3" }
>> 	{ "HO"  "H" "sp3" }
>> 	{ "HS"  "H" "sp3" }
>> 	{ "H1"  "H" "sp3" }
>> 	{ "H2"  "H" "sp3" }
>> 	{ "H3"  "H" "sp3" }
>> 	{ "H4"  "H" "sp3" }
>> 	{ "H5"  "H" "sp3" }
>> 	{ "HW"  "H" "sp3" }
>> 	{ "HC"  "H" "sp3" }
>> 	{ "HA"  "H" "sp3" }
>> 	{ "HP"  "H" "sp3" }
>> 	{ "HZ"  "H" "sp3" }
>> 	{ "OH"  "O" "sp3" }
>> 	{ "OS"  "O" "sp3" }
>> 	{ "O"   "O" "sp2" }
>> 	{ "O2"  "O" "sp2" }
>> 	{ "OP"  "O" "sp2" }
>> 	{ "OW"  "O" "sp3" }
>> 	{ "CT"  "C" "sp3" }
>> 	{ "CX"  "C" "sp3" }
>> 	{ "C8"  "C" "sp3" }
>> 	{ "2C"  "C" "sp3" }
>> 	{ "3C"  "C" "sp3" }
>> 	{ "CH"  "C" "sp3" }
>> 	{ "CS"  "C" "sp2" }
>> 	{ "C"   "C" "sp2" }
>> 	{ "CO"   "C" "sp2" }
>> 	{ "C*"  "C" "sp2" }
>> 	{ "CA"  "C" "sp2" }
>> 	{ "CB"  "C" "sp2" }
>> 	{ "CC"  "C" "sp2" }
>> 	{ "CN"  "C" "sp2" }
>> 	{ "CM"  "C" "sp2" }
>> 	{ "CK"  "C" "sp2" }
>> 	{ "CQ"  "C" "sp2" }
>> 	{ "CD"  "C" "sp2" }
>> 	{ "C5"  "C" "sp2" }
>> 	{ "C4"  "C" "sp2" }
>> 	{ "CP"  "C" "sp2" }
>> 	{ "CI"  "C" "sp3" }
>> 	{ "CJ"  "C" "sp2" }
>> 	{ "CW"  "C" "sp2" }
>> 	{ "CV"  "C" "sp2" }
>> 	{ "CR"  "C" "sp2" }
>> 	{ "CA"  "C" "sp2" }
>> 	{ "CY"  "C" "sp2" }
>> 	{ "C0"  "Ca" "sp3" }
>> 	{ "MG"  "Mg" "sp3" }
>> 	{ "N"   "N" "sp2" }
>> 	{ "NA"  "N" "sp2" }
>> 	{ "N2"  "N" "sp2" }
>> 	{ "N*"  "N" "sp2" }
>> 	{ "NP"  "N" "sp2" }
>> 	{ "NQ"  "N" "sp2" }
>> 	{ "NB"  "N" "sp2" }
>> 	{ "NC"  "N" "sp2" }
>> 	{ "NT"  "N" "sp3" }
>> 	{ "NY"  "N" "sp2" }
>> 	{ "N3"  "N" "sp3" }
>> 	{ "S"   "S" "sp3" }
>> 	{ "SH"  "S" "sp3" }
>> 	{ "P"   "P" "sp3" }
>> 	{ "LP"  ""  "sp3" }
>> 	{ "EP"  ""  "sp3" }
>> 	{ "F"   "F" "sp3" }
>> 	{ "Cl"  "Cl" "sp3" }
>> 	{ "Br"  "Br" "sp3" }
>> 	{ "I"   "I"  "sp3" }
>> }
>> #
>> #	Load the main parameter set.
>> #
>> parm10 = loadamberparams parm10.dat
Skipping parm10.dat: already loaded
>> frcmod14SB = loadamberparams frcmod.ff14SB
Loading parameters: /home/marie/Utilities/amber17/dat/leap/parm/frcmod.ff14SB
Reading force field modification type file (frcmod)
Reading title:
ff14SB protein backbone and sidechain parameters
>> #
>> #	Load main chain and terminating amino acid libraries
>> #
>> loadOff amino12.lib
Loading library: /home/marie/Utilities/amber17/dat/leap/lib/amino12.lib
Loading: ALA
Loading: ARG
Loading: ASH
Loading: ASN
Loading: ASP
Loading: CYM
Loading: CYS
Loading: CYX
Loading: GLH
Loading: GLN
Loading: GLU
Loading: GLY
Loading: HID
Loading: HIE
Loading: HIP
Loading: HYP
Loading: ILE
Loading: LEU
Loading: LYN
Loading: LYS
Loading: MET
Loading: PHE
Loading: PRO
Loading: SER
Loading: THR
Loading: TRP
Loading: TYR
Loading: VAL
>> loadOff aminoct12.lib
Loading library: /home/marie/Utilities/amber17/dat/leap/lib/aminoct12.lib
Loading: CALA
Loading: CARG
Loading: CASN
Loading: CASP
Loading: CCYS
Loading: CCYX
Loading: CGLN
Loading: CGLU
Loading: CGLY
Loading: CHID
Loading: CHIE
Loading: CHIP
Loading: CHYP
Loading: CILE
Loading: CLEU
Loading: CLYS
Loading: CMET
Loading: CPHE
Loading: CPRO
Loading: CSER
Loading: CTHR
Loading: CTRP
Loading: CTYR
Loading: CVAL
Loading: NHE
Loading: NME
>> loadOff aminont12.lib
Loading library: /home/marie/Utilities/amber17/dat/leap/lib/aminont12.lib
Loading: ACE
Loading: NALA
Loading: NARG
Loading: NASN
Loading: NASP
Loading: NCYS
Loading: NCYX
Loading: NGLN
Loading: NGLU
Loading: NGLY
Loading: NHID
Loading: NHIE
Loading: NHIP
Loading: NILE
Loading: NLEU
Loading: NLYS
Loading: NMET
Loading: NPHE
Loading: NPRO
Loading: NSER
Loading: NTHR
Loading: NTRP
Loading: NTYR
Loading: NVAL
>> 
>> #
>> #	Define the PDB name map for the amino acids
>> #
>> addPdbResMap {
>>   { 0 "HYP" "HYP" } { 1 "HYP" "CHYP" }
>>   { 0 "ALA" "NALA" } { 1 "ALA" "CALA" }
>>   { 0 "ARG" "NARG" } { 1 "ARG" "CARG" }
>>   { 0 "ASN" "NASN" } { 1 "ASN" "CASN" }
>>   { 0 "ASP" "NASP" } { 1 "ASP" "CASP" }
>>   { 0 "CYS" "NCYS" } { 1 "CYS" "CCYS" }
>>   { 0 "CYX" "NCYX" } { 1 "CYX" "CCYX" }
>>   { 0 "GLN" "NGLN" } { 1 "GLN" "CGLN" }
>>   { 0 "GLU" "NGLU" } { 1 "GLU" "CGLU" }
>>   { 0 "GLY" "NGLY" } { 1 "GLY" "CGLY" }
>>   { 0 "HID" "NHID" } { 1 "HID" "CHID" }
>>   { 0 "HIE" "NHIE" } { 1 "HIE" "CHIE" }
>>   { 0 "HIP" "NHIP" } { 1 "HIP" "CHIP" }
>>   { 0 "ILE" "NILE" } { 1 "ILE" "CILE" }
>>   { 0 "LEU" "NLEU" } { 1 "LEU" "CLEU" }
>>   { 0 "LYS" "NLYS" } { 1 "LYS" "CLYS" }
>>   { 0 "MET" "NMET" } { 1 "MET" "CMET" }
>>   { 0 "PHE" "NPHE" } { 1 "PHE" "CPHE" }
>>   { 0 "PRO" "NPRO" } { 1 "PRO" "CPRO" }
>>   { 0 "SER" "NSER" } { 1 "SER" "CSER" }
>>   { 0 "THR" "NTHR" } { 1 "THR" "CTHR" }
>>   { 0 "TRP" "NTRP" } { 1 "TRP" "CTRP" }
>>   { 0 "TYR" "NTYR" } { 1 "TYR" "CTYR" }
>>   { 0 "VAL" "NVAL" } { 1 "VAL" "CVAL" }
>>   { 0 "HIS" "NHIS" } { 1 "HIS" "CHIS" }
>> }
Substituting map 0HYP -> HYP  for  0HYP -> HYP
Substituting map 1HYP -> CHYP  for  1HYP -> CHYP
Substituting map 0ALA -> NALA  for  0ALA -> NALA
Substituting map 1ALA -> CALA  for  1ALA -> CALA
Substituting map 0ARG -> NARG  for  0ARG -> NARG
Substituting map 1ARG -> CARG  for  1ARG -> CARG
Substituting map 0ASN -> NASN  for  0ASN -> NASN
Substituting map 1ASN -> CASN  for  1ASN -> CASN
Substituting map 0ASP -> NASP  for  0ASP -> NASP
Substituting map 1ASP -> CASP  for  1ASP -> CASP
Substituting map 0CYS -> NCYS  for  0CYS -> NCYS
Substituting map 1CYS -> CCYS  for  1CYS -> CCYS
Substituting map 0CYX -> NCYX  for  0CYX -> NCYX
Substituting map 1CYX -> CCYX  for  1CYX -> CCYX
Substituting map 0GLN -> NGLN  for  0GLN -> NGLN
Substituting map 1GLN -> CGLN  for  1GLN -> CGLN
Substituting map 0GLU -> NGLU  for  0GLU -> NGLU
Substituting map 1GLU -> CGLU  for  1GLU -> CGLU
Substituting map 0GLY -> NGLY  for  0GLY -> NGLY
Substituting map 1GLY -> CGLY  for  1GLY -> CGLY
Substituting map 0HID -> NHID  for  0HID -> NHID
Substituting map 1HID -> CHID  for  1HID -> CHID
Substituting map 0HIE -> NHIE  for  0HIE -> NHIE
Substituting map 1HIE -> CHIE  for  1HIE -> CHIE
Substituting map 0HIP -> NHIP  for  0HIP -> NHIP
Substituting map 1HIP -> CHIP  for  1HIP -> CHIP
Substituting map 0ILE -> NILE  for  0ILE -> NILE
Substituting map 1ILE -> CILE  for  1ILE -> CILE
Substituting map 0LEU -> NLEU  for  0LEU -> NLEU
Substituting map 1LEU -> CLEU  for  1LEU -> CLEU
Substituting map 0LYS -> NLYS  for  0LYS -> NLYS
Substituting map 1LYS -> CLYS  for  1LYS -> CLYS
Substituting map 0MET -> NMET  for  0MET -> NMET
Substituting map 1MET -> CMET  for  1MET -> CMET
Substituting map 0PHE -> NPHE  for  0PHE -> NPHE
Substituting map 1PHE -> CPHE  for  1PHE -> CPHE
Substituting map 0PRO -> NPRO  for  0PRO -> NPRO
Substituting map 1PRO -> CPRO  for  1PRO -> CPRO
Substituting map 0SER -> NSER  for  0SER -> NSER
Substituting map 1SER -> CSER  for  1SER -> CSER
Substituting map 0THR -> NTHR  for  0THR -> NTHR
Substituting map 1THR -> CTHR  for  1THR -> CTHR
Substituting map 0TRP -> NTRP  for  0TRP -> NTRP
Substituting map 1TRP -> CTRP  for  1TRP -> CTRP
Substituting map 0TYR -> NTYR  for  0TYR -> NTYR
Substituting map 1TYR -> CTYR  for  1TYR -> CTYR
Substituting map 0VAL -> NVAL  for  0VAL -> NVAL
Substituting map 1VAL -> CVAL  for  1VAL -> CVAL
Substituting map 0HIS -> NHIS  for  0HIS -> NHIS
Substituting map 1HIS -> CHIS  for  1HIS -> CHIS
>> 
>> #
>> # assume that most often proteins use HIE
>> #
>> NHIS = NHIE
>> HIS = HIE
>> CHIS = CHIE
> 
> m = sequence { ACE ALA TYR GLU ALA MET LYS CO2 ALA LEU GLU CO1 GLU }
Sequence: ACE
Sequence: ALA
Joining ACE - ALA
Sequence: TYR
Joining ALA - TYR
Sequence: GLU
Joining TYR - GLU
Sequence: ALA
Joining GLU - ALA
Sequence: MET
Joining ALA - MET
Sequence: LYS
Joining MET - LYS
Sequence: CXS
Joining LYS - CXS
Sequence: ALA
Joining CXS - ALA
Sequence: LEU
Joining ALA - LEU
Sequence: GLU
Joining LEU - GLU
Sequence: CXS
Joining GLU - CXS
Sequence: GLU
Joining CXS - GLU
> impose m { 1 2 3 4 5 6 7 8 9 10 11 12 13 14 15 16 17 18 19 20 21 22 23 24 25 26 27 28 29 30 31 } { { "N" "CA" "C" "N" -40.0 } { "C" "N" "CA" "C" -60.0 } }
> desc m.12.
RESIDUE name: CXS
RESIDUE sequence number: 12
RESIDUE PDB sequence number: 12
Type: undefined
Connection atoms:
Improper torsions:
Contents: 
A<H8 32>
A<H6 31>
A<C8 30>
A<H7 29>
A<C7 28>
A<C6 27>
A<H5 26>
A<C5 25>
A<H4 24>
A<C4 23>
A<H3 22>
A<C3 21>
A<C2 20>
A<HC2 19>
A<HC1 18>
A<CC 17>
A<SG 16>
A<HB3 15>
A<HB2 14>
A<CB 13>
A<O 12>
A<C 11>
A<HA 10>
A<CA 9>
A<H1 8>
A<N 7>
> desc m.1.12
STRING (with no reference): 'm.1.12'
> desc m.1.6
ATOM
             Normal      Perturbed
Name:         O             O    
Type:         O             O    
Charge:       -0.5679        0.000
Polarization: 0.0000        0.000
Element: O             (not affected by pert)
Atom flags: (decimal 131072 hex 0x20000)
	posfxd n  posblt n  posdrwn n  selected n
	pert n  notdisp n  touched n  posknwn Y
	internal n  needsmin n  needsbuild n
Atom position: 0.000000, 0.000000, 0.000000
Atom velocity: 0.000000, 0.000000, 0.000000
  Bonded to .R<ACE 1>.A<C 5> by a single bond.
> desc m.1.C;2C
ATOM
             Normal      Perturbed
Name:         C             C    
Type:         C             C    
Charge:       0.5972        0.000
Polarization: 0.0000        0.000
Element: C             (not affected by pert)
Atom flags: (decimal 131072 hex 0x20000)
	posfxd n  posblt n  posdrwn n  selected n
	pert n  notdisp n  touched n  posknwn Y
	internal n  needsmin n  needsbuild n
Atom position: 1.229000, 0.000000, 0.000000
Atom velocity: 0.000000, 0.000000, 0.000000
  Bonded to .R<ACE 1>.A<CH3 2> by a single bond.
  Bonded to .R<ACE 1>.A<O 6> by a single bond.
  Bonded to .R<ALA 2>.A<N 1> by a single bond.
ERROR: syntax error

> desc m.C6
STRING (with no reference): 'm.C6'
> desc m.1C6
STRING (with no reference): 'm.1C6'
> desc m.1.C6
STRING (with no reference): 'm.1.C6'
> desc m.1.6
ATOM
             Normal      Perturbed
Name:         O             O    
Type:         O             O    
Charge:       -0.5679        0.000
Polarization: 0.0000        0.000
Element: O             (not affected by pert)
Atom flags: (decimal 131072 hex 0x20000)
	posfxd n  posblt n  posdrwn n  selected n
	pert n  notdisp n  touched n  posknwn Y
	internal n  needsmin n  needsbuild n
Atom position: 0.000000, 0.000000, 0.000000
Atom velocity: 0.000000, 0.000000, 0.000000
  Bonded to .R<ACE 1>.A<C 5> by a single bond.
> desc m.1.21
STRING (with no reference): 'm.1.21'
> desc m.8.C;2C
ATOM
             Normal      Perturbed
Name:         C             C    
Type:         C             C    
Charge:       0.4930        0.000
Polarization: 0.0000        0.000
Element: C             (not affected by pert)
Atom flags: (decimal 131072 hex 0x20000)
	posfxd n  posblt n  posdrwn n  selected n
	pert n  notdisp n  touched n  posknwn Y
	internal n  needsmin n  needsbuild n
Atom position: -9.618751, -3.008065, 1.927758
Atom velocity: 0.000000, 0.000000, 0.000000
  Bonded to .R<CXS 8>.A<CA 9> by a single bond.
  Bonded to .R<CXS 8>.A<O 12> by a double bond.
  Bonded to .R<ALA 9>.A<N 1> by a single bond.
ERROR: syntax error

> desc m.8
RESIDUE name: CXS
RESIDUE sequence number: 8
RESIDUE PDB sequence number: 8
Type: undefined
Connection atoms:
Improper torsions:
Contents: 
A<SY 16>
A<HB3 15>
A<HB2 14>
A<CB 13>
A<O 12>
A<C 11>
A<HA 10>
A<CA 9>
A<H1 8>
A<N 7>
> desc m.8.SY
ATOM
             Normal      Perturbed
Name:         SY            SY   
Type:         S             S    
Charge:       -0.1080        0.000
Polarization: 0.0000        0.000
Element: S             (not affected by pert)
Atom flags: (decimal 131072 hex 0x20000)
	posfxd n  posblt n  posdrwn n  selected n
	pert n  notdisp n  touched n  posknwn Y
	internal n  needsmin n  needsbuild n
Atom position: -7.686262, 0.368915, 0.432043
Atom velocity: 0.000000, 0.000000, 0.000000
  Bonded to .R<CXS 8>.A<CB 13> by a single bond.
> bond m.12.C6  m.8.CY
bond: Argument #2 is type String must be of type: [atom]
usage:  bond <atom1> <atom2> [order]
> bond m.12.C6  m.8.CY 1
bond: Argument #2 is type String must be of type: [atom]
usage:  bond <atom1> <atom2> [order]
> bond m.12.C6  m.8.SY 1
bond: Argument #3 is type Double must be of type: [string]
usage:  bond <atom1> <atom2> [order]
> desc  m.8.CY
STRING (with no reference): 'm.8.CY'
> desc  m.8
RESIDUE name: CXS
RESIDUE sequence number: 8
RESIDUE PDB sequence number: 8
Type: undefined
Connection atoms:
Improper torsions:
Contents: 
A<SY 16>
A<HB3 15>
A<HB2 14>
A<CB 13>
A<O 12>
A<C 11>
A<HA 10>
A<CA 9>
A<H1 8>
A<N 7>
> desc  m.8.SY
ATOM
             Normal      Perturbed
Name:         SY            SY   
Type:         S             S    
Charge:       -0.1080        0.000
Polarization: 0.0000        0.000
Element: S             (not affected by pert)
Atom flags: (decimal 131072 hex 0x20000)
	posfxd n  posblt n  posdrwn n  selected n
	pert n  notdisp n  touched n  posknwn Y
	internal n  needsmin n  needsbuild n
Atom position: -7.686262, 0.368915, 0.432043
Atom velocity: 0.000000, 0.000000, 0.000000
  Bonded to .R<CXS 8>.A<CB 13> by a single bond.
> desc   m.12.C6
ATOM
             Normal      Perturbed
Name:         C6            C6   
Type:         CA            CA   
Charge:       -0.0416        0.000
Polarization: 0.0000        0.000
Element: C             (not affected by pert)
Atom flags: (decimal 131072 hex 0x20000)
	posfxd n  posblt n  posdrwn n  selected n
	pert n  notdisp n  touched n  posknwn Y
	internal n  needsmin n  needsbuild n
Atom position: -9.572220, -3.182253, 2.271836
Atom velocity: 0.000000, 0.000000, 0.000000
  Bonded to .R<CXS 12>.A<C5 25> by a double bond.
  Bonded to .R<CXS 12>.A<C7 28> by a single bond.
  Bonded to .R<CXS 12>.A<C8 30> by a single bond.
> desc m.8.SY loadoff CO1.lib
desc: Improper number of arguments!
usage:  desc <variable>
> loadoff   CO2.lib
Loading library: ./CO2.lib
Loading: CO2
> loadoff CO1.lib
Loading library: ./CO1.lib
Loading: CO1
> m = sequence { ACE ALA TYR GLU ALA MET LYS CO2 ALA LEU GLU CO1 GLU }
Sequence: ACE
Sequence: ALA
Joining ACE - ALA
Sequence: TYR
Joining ALA - TYR
Sequence: GLU
Joining TYR - GLU
Sequence: ALA
Joining GLU - ALA
Sequence: MET
Joining ALA - MET
Sequence: LYS
Joining MET - LYS
Sequence: CXS
Joining LYS - CO2
Sequence: ALA
Joining CO2 - ALA
Sequence: LEU
Joining ALA - LEU
Sequence: GLU
Joining LEU - GLU
Sequence: CO1

Joining GLU - CXS
Sequence: GLU
Joining CXS - GLU
> impose m { 1 2 3 4 5 6 7 8 9 10 11 12 13 14 15 16 17 18 19 20 21 22 23 24 25 26 27 28 29 30 31 } { { "N" "CA" "C" "N" -40.0 } { "C" "N" "CA" "C" -60.0 } }
> bond m.12.CY  m.8.SY 1
bond: Argument #1 is type String must be of type: [atom]
usage:  bond <atom1> <atom2> [order]
> desc  m.12.CY
STRING (with no reference): 'm.12.CY'
> desc m.8.SY
ATOM
             Normal      Perturbed
Name:         SY            SY   
Type:         S             S    
Charge:       -0.1080        0.000
Polarization: 0.0000        0.000
Element: S             (not affected by pert)
Atom flags: (decimal 131072 hex 0x20000)
	posfxd n  posblt n  posdrwn n  selected n
	pert n  notdisp n  touched n  posknwn Y
	internal n  needsmin n  needsbuild n
Atom position: -7.686262, 0.368915, 0.432043
Atom velocity: 0.000000, 0.000000, 0.000000
  Bonded to .R<CO2 8>.A<CB 13> by a single bond.
> desc m.12.
RESIDUE name: CXS
RESIDUE sequence number: 12
RESIDUE PDB sequence number: 12
Type: undefined
Connection atoms:
Improper torsions:
Contents: 
A<H8 32>
A<H6 31>
A<C8 30>
A<H7 29>
A<C7 28>
A<C6 27>
A<H5 26>
A<C5 25>
A<H4 24>
A<C4 23>
A<H3 22>
A<C3 21>
A<C2 20>
A<HC2 19>
A<HC1 18>
A<CC 17>
A<SG 16>
A<HB3 15>
A<HB2 14>
A<CB 13>
A<O 12>
A<C 11>
A<HA 10>
A<CA 9>
A<H1 8>
A<N 7>
> bond m.12.C6  m.8.SY 1
bond: Argument #3 is type Double must be of type: [string]
usage:  bond <atom1> <atom2> [order]
> bond m.12.C6  m.8.SY
> savepdb m ppe.pdb
Writing pdb file: ppe.pdb
> relax m
> savepdb m ppe.pdb
Writing pdb file: ppe.pdb
> m = sequence { ACE ALA TYR GLU ALA MET LYS CO2 ALA LEU GLU CO1 GLU }
Sequence: ACE
Sequence: ALA
Joining ACE - ALA
Sequence: TYR
Joining ALA - TYR
Sequence: GLU
Joining TYR - GLU
Sequence: ALA
Joining GLU - ALA
Sequence: MET
Joining ALA - MET
Sequence: LYS
Joining MET - LYS
Sequence: CXS
Joining LYS - CO2
Sequence: ALA
Joining CO2 - ALA
Sequence: LEU
Joining ALA - LEU
Sequence: GLU
Joining LEU - GLU
Sequence: CO1

Joining GLU - CXS
Sequence: GLU
Joining CXS - GLU
log started: Thu Nov 22 17:59:18 2018

Log file: ./leap.log
>> #
>> # ----- leaprc for loading the ff14SB force field
>> # ----- NOTE: this is designed for PDB format 3!
>> #
>> #	load atom type hybridizations
>> #
>> addAtomTypes {
>> 	{ "H"   "H" "sp3" }
>> 	{ "HO"  "H" "sp3" }
>> 	{ "HS"  "H" "sp3" }
>> 	{ "H1"  "H" "sp3" }
>> 	{ "H2"  "H" "sp3" }
>> 	{ "H3"  "H" "sp3" }
>> 	{ "H4"  "H" "sp3" }
>> 	{ "H5"  "H" "sp3" }
>> 	{ "HW"  "H" "sp3" }
>> 	{ "HC"  "H" "sp3" }
>> 	{ "HA"  "H" "sp3" }
>> 	{ "HP"  "H" "sp3" }
>> 	{ "HZ"  "H" "sp3" }
>> 	{ "OH"  "O" "sp3" }
>> 	{ "OS"  "O" "sp3" }
>> 	{ "O"   "O" "sp2" }
>> 	{ "O2"  "O" "sp2" }
>> 	{ "OP"  "O" "sp2" }
>> 	{ "OW"  "O" "sp3" }
>> 	{ "CT"  "C" "sp3" }
>> 	{ "CX"  "C" "sp3" }
>> 	{ "C8"  "C" "sp3" }
>> 	{ "2C"  "C" "sp3" }
>> 	{ "3C"  "C" "sp3" }
>> 	{ "CH"  "C" "sp3" }
>> 	{ "CS"  "C" "sp2" }
>> 	{ "C"   "C" "sp2" }
>> 	{ "CO"   "C" "sp2" }
>> 	{ "C*"  "C" "sp2" }
>> 	{ "CA"  "C" "sp2" }
>> 	{ "CB"  "C" "sp2" }
>> 	{ "CC"  "C" "sp2" }
>> 	{ "CN"  "C" "sp2" }
>> 	{ "CM"  "C" "sp2" }
>> 	{ "CK"  "C" "sp2" }
>> 	{ "CQ"  "C" "sp2" }
>> 	{ "CD"  "C" "sp2" }
>> 	{ "C5"  "C" "sp2" }
>> 	{ "C4"  "C" "sp2" }
>> 	{ "CP"  "C" "sp2" }
>> 	{ "CI"  "C" "sp3" }
>> 	{ "CJ"  "C" "sp2" }
>> 	{ "CW"  "C" "sp2" }
>> 	{ "CV"  "C" "sp2" }
>> 	{ "CR"  "C" "sp2" }
>> 	{ "CA"  "C" "sp2" }
>> 	{ "CY"  "C" "sp2" }
>> 	{ "C0"  "Ca" "sp3" }
>> 	{ "MG"  "Mg" "sp3" }
>> 	{ "N"   "N" "sp2" }
>> 	{ "NA"  "N" "sp2" }
>> 	{ "N2"  "N" "sp2" }
>> 	{ "N*"  "N" "sp2" }
>> 	{ "NP"  "N" "sp2" }
>> 	{ "NQ"  "N" "sp2" }
>> 	{ "NB"  "N" "sp2" }
>> 	{ "NC"  "N" "sp2" }
>> 	{ "NT"  "N" "sp3" }
>> 	{ "NY"  "N" "sp2" }
>> 	{ "N3"  "N" "sp3" }
>> 	{ "S"   "S" "sp3" }
>> 	{ "SH"  "S" "sp3" }
>> 	{ "P"   "P" "sp3" }
>> 	{ "LP"  ""  "sp3" }
>> 	{ "EP"  ""  "sp3" }
>> 	{ "F"   "F" "sp3" }
>> 	{ "Cl"  "Cl" "sp3" }
>> 	{ "Br"  "Br" "sp3" }
>> 	{ "I"   "I"  "sp3" }
>> }
>> #
>> #	Load the main parameter set.
>> #
>> parm10 = loadamberparams parm10.dat
Loading parameters: /home/marie/Utilities/amber17/dat/leap/parm/parm10.dat
Reading title:
PARM99 + frcmod.ff99SB + frcmod.parmbsc0 + OL3 for RNA
(UNKNOWN ATOM TYPE: Zn)
(UNKNOWN ATOM TYPE: EP)
>> frcmod14SB = loadamberparams frcmod.ff14SB
Loading parameters: /home/marie/Utilities/amber17/dat/leap/parm/frcmod.ff14SB
Reading force field modification type file (frcmod)
Reading title:
ff14SB protein backbone and sidechain parameters
>> #
>> #	Load main chain and terminating amino acid libraries
>> #
>> loadOff amino12.lib
Loading library: /home/marie/Utilities/amber17/dat/leap/lib/amino12.lib
Loading: ALA
Loading: ARG
Loading: ASH
Loading: ASN
Loading: ASP
Loading: CYM
Loading: CYS
Loading: CYX
Loading: GLH
Loading: GLN
Loading: GLU
Loading: GLY
Loading: HID
Loading: HIE
Loading: HIP
Loading: HYP
Loading: ILE
Loading: LEU
Loading: LYN
Loading: LYS
Loading: MET
Loading: PHE
Loading: PRO
Loading: SER
Loading: THR
Loading: TRP
Loading: TYR
Loading: VAL
>> loadOff aminoct12.lib
Loading library: /home/marie/Utilities/amber17/dat/leap/lib/aminoct12.lib
Loading: CALA
Loading: CARG
Loading: CASN
Loading: CASP
Loading: CCYS
Loading: CCYX
Loading: CGLN
Loading: CGLU
Loading: CGLY
Loading: CHID
Loading: CHIE
Loading: CHIP
Loading: CHYP
Loading: CILE
Loading: CLEU
Loading: CLYS
Loading: CMET
Loading: CPHE
Loading: CPRO
Loading: CSER
Loading: CTHR
Loading: CTRP
Loading: CTYR
Loading: CVAL
Loading: NHE
Loading: NME
>> loadOff aminont12.lib
Loading library: /home/marie/Utilities/amber17/dat/leap/lib/aminont12.lib
Loading: ACE
Loading: NALA
Loading: NARG
Loading: NASN
Loading: NASP
Loading: NCYS
Loading: NCYX
Loading: NGLN
Loading: NGLU
Loading: NGLY
Loading: NHID
Loading: NHIE
Loading: NHIP
Loading: NILE
Loading: NLEU
Loading: NLYS
Loading: NMET
Loading: NPHE
Loading: NPRO
Loading: NSER
Loading: NTHR
Loading: NTRP
Loading: NTYR
Loading: NVAL
>> 
>> #
>> #	Define the PDB name map for the amino acids
>> #
>> addPdbResMap {
>>   { 0 "HYP" "HYP" } { 1 "HYP" "CHYP" }
>>   { 0 "ALA" "NALA" } { 1 "ALA" "CALA" }
>>   { 0 "ARG" "NARG" } { 1 "ARG" "CARG" }
>>   { 0 "ASN" "NASN" } { 1 "ASN" "CASN" }
>>   { 0 "ASP" "NASP" } { 1 "ASP" "CASP" }
>>   { 0 "CYS" "NCYS" } { 1 "CYS" "CCYS" }
>>   { 0 "CYX" "NCYX" } { 1 "CYX" "CCYX" }
>>   { 0 "GLN" "NGLN" } { 1 "GLN" "CGLN" }
>>   { 0 "GLU" "NGLU" } { 1 "GLU" "CGLU" }
>>   { 0 "GLY" "NGLY" } { 1 "GLY" "CGLY" }
>>   { 0 "HID" "NHID" } { 1 "HID" "CHID" }
>>   { 0 "HIE" "NHIE" } { 1 "HIE" "CHIE" }
>>   { 0 "HIP" "NHIP" } { 1 "HIP" "CHIP" }
>>   { 0 "ILE" "NILE" } { 1 "ILE" "CILE" }
>>   { 0 "LEU" "NLEU" } { 1 "LEU" "CLEU" }
>>   { 0 "LYS" "NLYS" } { 1 "LYS" "CLYS" }
>>   { 0 "MET" "NMET" } { 1 "MET" "CMET" }
>>   { 0 "PHE" "NPHE" } { 1 "PHE" "CPHE" }
>>   { 0 "PRO" "NPRO" } { 1 "PRO" "CPRO" }
>>   { 0 "SER" "NSER" } { 1 "SER" "CSER" }
>>   { 0 "THR" "NTHR" } { 1 "THR" "CTHR" }
>>   { 0 "TRP" "NTRP" } { 1 "TRP" "CTRP" }
>>   { 0 "TYR" "NTYR" } { 1 "TYR" "CTYR" }
>>   { 0 "VAL" "NVAL" } { 1 "VAL" "CVAL" }
>>   { 0 "HIS" "NHIS" } { 1 "HIS" "CHIS" }
>> }
>> 
>> #
>> # assume that most often proteins use HIE
>> #
>> NHIS = NHIE
>> HIS = HIE
>> CHIS = CHIE
> 
> loadoff  ~/Desktop/newparam/libs/AKS_stapled.lib
Loading library: /home/marie/Desktop/newparam/libs/AKS_stapled.lib
Loading: AKS
> loadamberparams  ~/Desktop/newparam/libs/AKS-stapled.frcmod
Loading parameters: /home/marie/Desktop/newparam/libs/AKS-stapled.frcmod
Reading force field modification type file (frcmod)
Reading title:
Remark line goes here
> loadoff  ~/Desktop/newparam/libs/AKS_stapled.lib
Loading library: /home/marie/Desktop/newparam/libs/AKS_stapled.lib
Loading: AKS
> loadamberparams  ~/Desktop/newparam/libs/AKS-stapled.frcmod
Loading parameters: /home/marie/Desktop/newparam/libs/AKS-stapled.frcmod
Reading force field modification type file (frcmod)
Reading title:
Remark line goes here
> source leaprc.water.tip4pew
----- Source: /home/marie/Utilities/amber17/dat/leap/cmd/leaprc.water.tip4pew
----- Source of /home/marie/Utilities/amber17/dat/leap/cmd/leaprc.water.tip4pew done
>> #
>> #       Load water and ions for TIP4P-ew + Joung-Chetham monovalent ions
>> #       + Li/Merz highly charged ions (+2 to +4, 12-6 normal usage set)
>> # 
>> addAtomTypes {
>> 	{ "F-"   "F" "sp3" }
>> 	{ "Cl-"  "Cl" "sp3" }
>> 	{ "Br-"  "Br" "sp3" }
>> 	{ "I-"   "I"  "sp3" }
>> 	{ "Li+"  "Li"  "sp3" }
>> 	{ "Na+"  "Na"  "sp3" }
>> 	{ "K+"  "K"  "sp3" }
>> 	{ "Rb+"  "Rb"  "sp3" }
>> 	{ "Cs+"  "Cs"  "sp3" }
>> 	{ "Mg+"  "Mg"  "sp3" }
>>     { "Tl+"  "Tl"  "sp3" }
>>     { "Cu+"  "Cu"  "sp3" }
>>     { "Ag+"  "Ag"  "sp3" }
>>     { "Be2+" "Be"  "sp3" }
>>     { "Cu2+" "Cu"  "sp3" }
>>     { "Ni2+" "Ni"  "sp3" }
>>     { "Pt2+" "Pt"  "sp3" }
>>     { "Zn2+" "Zn"  "sp3" }
>>     { "Co2+" "Co"  "sp3" }
>>     { "Pd2+" "Pd"  "sp3" }
>>     { "Ag2+" "Ag"  "sp3" }
>>     { "Cr2+" "Cr"  "sp3" }
>>     { "Fe2+" "Fe"  "sp3" }
>>     { "Mg2+" "Mg"  "sp3" }
>>     { "V2+"  "V"   "sp3" }
>>     { "Mn2+" "Mn"  "sp3" }
>>     { "Hg2+" "Hg"  "sp3" }
>>     { "Cd2+" "Cd"  "sp3" }
>>     { "Yb2+" "Yb"  "sp3" }
>>     { "Ca2+" "Ca"  "sp3" }
>>     { "Sn2+" "Sn"  "sp3" }
>>     { "Pb2+" "Pb"  "sp3" }
>>     { "Eu2+" "Eu"  "sp3" }
>>     { "Sr2+" "Sr"  "sp3" }
>>     { "Sm2+" "Sm"  "sp3" }
>>     { "Ba2+" "Ba"  "sp3" }
>>     { "Ra2+" "Ra"  "sp3" }
>>     { "Al3+" "Al"  "sp3" }
>>     { "Fe3+" "Fe"  "sp3" }
>>     { "Cr3+" "Cr"  "sp3" }
>>     { "In3+" "In"  "sp3" }
>>     { "Tl3+" "Tl"  "sp3" }
>>     { "Y3+"  "Y"   "sp3" }
>>     { "La3+" "La"  "sp3" }
>>     { "Ce3+" "Ce"  "sp3" }
>>     { "Pr3+" "Pr"  "sp3" }
>>     { "Nd3+" "Nd"  "sp3" }
>>     { "Sm3+" "Sm"  "sp3" }
>>     { "Eu3+" "Eu"  "sp3" }
>>     { "Gd3+" "Gd"  "sp3" }
>>     { "Tb3+" "Tb"  "sp3" }
>>     { "Dy3+" "Dy"  "sp3" }
>>     { "Er3+" "Er"  "sp3" }
>>     { "Tm3+" "Tm"  "sp3" }
>>     { "Lu3+" "Lu"  "sp3" }
>>     { "Hf4+" "Hf"  "sp3" }
>>     { "Zr4+" "Zr"  "sp3" }
>>     { "Ce4+" "Ce"  "sp3" }
>>     { "U4+"  "U"   "sp3" }
>>     { "Pu4+" "Pu"  "sp3" }
>>     { "Th4+" "Th"  "sp3" }
>> }
>> loadOff atomic_ions.lib
Loading library: /home/marie/Utilities/amber17/dat/leap/lib/atomic_ions.lib
Loading: AG
Loading: AL
Loading: Ag
Loading: BA
Loading: BR
Loading: Be
Loading: CA
Loading: CD
Loading: CE
Loading: CL
Loading: CO
Loading: CR
Loading: CS
Loading: CU
Loading: CU1
Loading: Ce
Loading: Cl-
Loading: Cr
Loading: Dy
Loading: EU
Loading: EU3
Loading: Er
Loading: F
Loading: FE
Loading: FE2
Loading: GD3
Loading: H3O+
Loading: HE+
Loading: HG
Loading: HZ+
Loading: Hf
Loading: IN
Loading: IOD
Loading: K
Loading: K+
Loading: LA
Loading: LI
Loading: LU
Loading: MG
Loading: MN
Loading: NA
Loading: NH4
Loading: NI
Loading: Na+
Loading: Nd
Loading: PB
Loading: PD
Loading: PR
Loading: PT
Loading: Pu
Loading: RB
Loading: Ra
Loading: SM
Loading: SR
Loading: Sm
Loading: Sn
Loading: TB
Loading: TL
Loading: Th
Loading: Tl
Loading: Tm
Loading: U4+
Loading: V2+
Loading: Y
Loading: YB2
Loading: ZN
Loading: Zr
>> loadOff solvents.lib
Loading library: /home/marie/Utilities/amber17/dat/leap/lib/solvents.lib
Loading: CHCL3BOX
Loading: DC4
Loading: FB3
Loading: FB3BOX
Loading: FB4
Loading: FB4BOX
Loading: MEOHBOX
Loading: NMABOX
Loading: OP3
Loading: OPC
Loading: OPC3BOX
Loading: OPCBOX
Loading: PL3
Loading: POL3BOX
Loading: QSPCFWBOX
Loading: SPC
Loading: SPCBOX
Loading: SPCFWBOX
Loading: SPF
Loading: SPG
Loading: T4E
Loading: TIP3PBOX
Loading: TIP3PFBOX
Loading: TIP4PBOX
Loading: TIP4PEWBOX
Loading: TIP5PBOX
Loading: TP3
Loading: TP4
Loading: TP5
Loading: TPF
>> HOH = T4E
>> WAT = T4E
>> loadAmberParams frcmod.tip4pew
Loading parameters: /home/marie/Utilities/amber17/dat/leap/parm/frcmod.tip4pew
Reading force field modification type file (frcmod)
Reading title:
This is the additional/replacement parameter set for TIP4PEW
(UNKNOWN ATOM TYPE: EP)
>> loadAmberParams frcmod.ionsjc_tip4pew
Loading parameters: /home/marie/Utilities/amber17/dat/leap/parm/frcmod.ionsjc_tip4pew
Reading force field modification type file (frcmod)
Reading title:
Monovalent ion parameters for Ewald and TIP4P/EW water from Joung & Cheatham JPCB (2008)
>> loadAmberParams frcmod.ions234lm_126_tip4pew
Loading parameters: /home/marie/Utilities/amber17/dat/leap/parm/frcmod.ions234lm_126_tip4pew
Reading force field modification type file (frcmod)
Reading title:
Li/Merz ion parameters of divalent to tetravalent ions for TIP4P/EW water model (12-6 normal usage set)
>> 
> 
> m= loadpdb AKS_AKS_3conf_peptide.pdb
Could not open file AKS_AKS_3conf_peptide.pdb: not found
> solvateBox m TIP4PEWBOX 2
solvateBox: Argument #1 is type String must be of type: [unit]
usage:  solvateBox <solute> <solvent> <buffer> [iso] [closeness]
> saveamberparm m AKS_AKS_3conf_peptide.prmtop AKS_AKS_3conf_peptide.rst7
saveAmberParm: Argument #1 is type String must be of type: [unit]
usage:  saveAmberParm <unit> <topologyfile> <coordfile> 
> exit
ERROR: syntax error

> quit
	Quit
log started: Fri Jan 25 15:16:17 2019

Log file: ./leap.log
>> #
>> # ----- leaprc for loading the ff14SB force field
>> # ----- NOTE: this is designed for PDB format 3!
>> #
>> #	load atom type hybridizations
>> #
>> addAtomTypes {
>> 	{ "H"   "H" "sp3" }
>> 	{ "HO"  "H" "sp3" }
>> 	{ "HS"  "H" "sp3" }
>> 	{ "H1"  "H" "sp3" }
>> 	{ "H2"  "H" "sp3" }
>> 	{ "H3"  "H" "sp3" }
>> 	{ "H4"  "H" "sp3" }
>> 	{ "H5"  "H" "sp3" }
>> 	{ "HW"  "H" "sp3" }
>> 	{ "HC"  "H" "sp3" }
>> 	{ "HA"  "H" "sp3" }
>> 	{ "HP"  "H" "sp3" }
>> 	{ "HZ"  "H" "sp3" }
>> 	{ "OH"  "O" "sp3" }
>> 	{ "OS"  "O" "sp3" }
>> 	{ "O"   "O" "sp2" }
>> 	{ "O2"  "O" "sp2" }
>> 	{ "OP"  "O" "sp2" }
>> 	{ "OW"  "O" "sp3" }
>> 	{ "CT"  "C" "sp3" }
>> 	{ "CX"  "C" "sp3" }
>> 	{ "C8"  "C" "sp3" }
>> 	{ "2C"  "C" "sp3" }
>> 	{ "3C"  "C" "sp3" }
>> 	{ "CH"  "C" "sp3" }
>> 	{ "CS"  "C" "sp2" }
>> 	{ "C"   "C" "sp2" }
>> 	{ "CO"   "C" "sp2" }
>> 	{ "C*"  "C" "sp2" }
>> 	{ "CA"  "C" "sp2" }
>> 	{ "CB"  "C" "sp2" }
>> 	{ "CC"  "C" "sp2" }
>> 	{ "CN"  "C" "sp2" }
>> 	{ "CM"  "C" "sp2" }
>> 	{ "CK"  "C" "sp2" }
>> 	{ "CQ"  "C" "sp2" }
>> 	{ "CD"  "C" "sp2" }
>> 	{ "C5"  "C" "sp2" }
>> 	{ "C4"  "C" "sp2" }
>> 	{ "CP"  "C" "sp2" }
>> 	{ "CI"  "C" "sp3" }
>> 	{ "CJ"  "C" "sp2" }
>> 	{ "CW"  "C" "sp2" }
>> 	{ "CV"  "C" "sp2" }
>> 	{ "CR"  "C" "sp2" }
>> 	{ "CA"  "C" "sp2" }
>> 	{ "CY"  "C" "sp2" }
>> 	{ "C0"  "Ca" "sp3" }
>> 	{ "MG"  "Mg" "sp3" }
>> 	{ "N"   "N" "sp2" }
>> 	{ "NA"  "N" "sp2" }
>> 	{ "N2"  "N" "sp2" }
>> 	{ "N*"  "N" "sp2" }
>> 	{ "NP"  "N" "sp2" }
>> 	{ "NQ"  "N" "sp2" }
>> 	{ "NB"  "N" "sp2" }
>> 	{ "NC"  "N" "sp2" }
>> 	{ "NT"  "N" "sp3" }
>> 	{ "NY"  "N" "sp2" }
>> 	{ "N3"  "N" "sp3" }
>> 	{ "S"   "S" "sp3" }
>> 	{ "SH"  "S" "sp3" }
>> 	{ "P"   "P" "sp3" }
>> 	{ "LP"  ""  "sp3" }
>> 	{ "EP"  ""  "sp3" }
>> 	{ "F"   "F" "sp3" }
>> 	{ "Cl"  "Cl" "sp3" }
>> 	{ "Br"  "Br" "sp3" }
>> 	{ "I"   "I"  "sp3" }
>> }
>> #
>> #	Load the main parameter set.
>> #
>> parm10 = loadamberparams parm10.dat
Loading parameters: /home/marie/Utilities/amber16/dat/leap/parm/parm10.dat
Reading title:
PARM99 + frcmod.ff99SB + frcmod.parmbsc0 + OL3 for RNA
(UNKNOWN ATOM TYPE: Zn)
(UNKNOWN ATOM TYPE: EP)
>> frcmod14SB = loadamberparams frcmod.ff14SB
Loading parameters: /home/marie/Utilities/amber16/dat/leap/parm/frcmod.ff14SB
Reading force field modification type file (frcmod)
Reading title:
ff14SB protein backbone and sidechain parameters
>> #
>> #	Load main chain and terminating amino acid libraries
>> #
>> loadOff amino12.lib
Loading library: /home/marie/Utilities/amber16/dat/leap/lib/amino12.lib
Loading: ALA
Loading: ARG
Loading: ASH
Loading: ASN
Loading: ASP
Loading: CYM
Loading: CYS
Loading: CYX
Loading: GLH
Loading: GLN
Loading: GLU
Loading: GLY
Loading: HID
Loading: HIE
Loading: HIP
Loading: HYP
Loading: ILE
Loading: LEU
Loading: LYN
Loading: LYS
Loading: MET
Loading: PHE
Loading: PRO
Loading: SER
Loading: THR
Loading: TRP
Loading: TYR
Loading: VAL
>> loadOff aminoct12.lib
Loading library: /home/marie/Utilities/amber16/dat/leap/lib/aminoct12.lib
Loading: CALA
Loading: CARG
Loading: CASN
Loading: CASP
Loading: CCYS
Loading: CCYX
Loading: CGLN
Loading: CGLU
Loading: CGLY
Loading: CHID
Loading: CHIE
Loading: CHIP
Loading: CHYP
Loading: CILE
Loading: CLEU
Loading: CLYS
Loading: CMET
Loading: CPHE
Loading: CPRO
Loading: CSER
Loading: CTHR
Loading: CTRP
Loading: CTYR
Loading: CVAL
Loading: NHE
Loading: NME
>> loadOff aminont12.lib
Loading library: /home/marie/Utilities/amber16/dat/leap/lib/aminont12.lib
Loading: ACE
Loading: NALA
Loading: NARG
Loading: NASN
Loading: NASP
Loading: NCYS
Loading: NCYX
Loading: NGLN
Loading: NGLU
Loading: NGLY
Loading: NHID
Loading: NHIE
Loading: NHIP
Loading: NILE
Loading: NLEU
Loading: NLYS
Loading: NMET
Loading: NPHE
Loading: NPRO
Loading: NSER
Loading: NTHR
Loading: NTRP
Loading: NTYR
Loading: NVAL
>> 
>> #
>> #	Define the PDB name map for the amino acids
>> #
>> addPdbResMap {
>>   { 0 "HYP" "HYP" } { 1 "HYP" "CHYP" }
>>   { 0 "ALA" "NALA" } { 1 "ALA" "CALA" }
>>   { 0 "ARG" "NARG" } { 1 "ARG" "CARG" }
>>   { 0 "ASN" "NASN" } { 1 "ASN" "CASN" }
>>   { 0 "ASP" "NASP" } { 1 "ASP" "CASP" }
>>   { 0 "CYS" "NCYS" } { 1 "CYS" "CCYS" }
>>   { 0 "CYX" "NCYX" } { 1 "CYX" "CCYX" }
>>   { 0 "GLN" "NGLN" } { 1 "GLN" "CGLN" }
>>   { 0 "GLU" "NGLU" } { 1 "GLU" "CGLU" }
>>   { 0 "GLY" "NGLY" } { 1 "GLY" "CGLY" }
>>   { 0 "HID" "NHID" } { 1 "HID" "CHID" }
>>   { 0 "HIE" "NHIE" } { 1 "HIE" "CHIE" }
>>   { 0 "HIP" "NHIP" } { 1 "HIP" "CHIP" }
>>   { 0 "ILE" "NILE" } { 1 "ILE" "CILE" }
>>   { 0 "LEU" "NLEU" } { 1 "LEU" "CLEU" }
>>   { 0 "LYS" "NLYS" } { 1 "LYS" "CLYS" }
>>   { 0 "MET" "NMET" } { 1 "MET" "CMET" }
>>   { 0 "PHE" "NPHE" } { 1 "PHE" "CPHE" }
>>   { 0 "PRO" "NPRO" } { 1 "PRO" "CPRO" }
>>   { 0 "SER" "NSER" } { 1 "SER" "CSER" }
>>   { 0 "THR" "NTHR" } { 1 "THR" "CTHR" }
>>   { 0 "TRP" "NTRP" } { 1 "TRP" "CTRP" }
>>   { 0 "TYR" "NTYR" } { 1 "TYR" "CTYR" }
>>   { 0 "VAL" "NVAL" } { 1 "VAL" "CVAL" }
>>   { 0 "HIS" "NHIS" } { 1 "HIS" "CHIS" }
>> }
>> 
>> #
>> # assume that most often proteins use HIE
>> #
>> NHIS = NHIE
>> HIS = HIE
>> CHIS = CHIE
> 
> A5R = loadmol2 A5R.mol2
Loading Mol2 file: ./A5R.mol2
Reading MOLECULE named LIG
> edit A5R
Unit Editor: Breaking bond: .R<LIG 1>.A<HF 12> - .R<LIG 1>.A<CF1 11>
Unit Editor: Breaking bond: .R<LIG 1>.A<H4 6> - .R<LIG 1>.A<C2 5>
Unit Editor: Breaking bond: .R<LIG 1>.A<C2 5> - .R<LIG 1>.A<C1 1>
Unit Editor: Breaking bond: .R<LIG 1>.A<C2 5> - .R<LIG 1>.A<H5 7>
Unit Editor: Breaking bond: .R<LIG 1>.A<C2 5> - .R<LIG 1>.A<C3 8>
Unit Editor: Breaking bond: .R<LIG 1>.A<H2 3> - .R<LIG 1>.A<C1 1>
Unit Editor: Breaking bond: .R<LIG 1>.A<C1 1> - .R<LIG 1>.A<H1 2>
Unit Editor: Breaking bond: .R<LIG 1>.A<C1 1> - .R<LIG 1>.A<H3 4>
Unit Editor: Breaking bond: .R<LIG 1>.A<H31 9> - .R<LIG 1>.A<C3 8>
Unit Editor: Breaking bond: .R<LIG 1>.A<H32 10> - .R<LIG 1>.A<C3 8>
Unit Editor: Breaking bond: .R<LIG 1>.A<C3 8> - .R<LIG 1>.A<CF1 11>
Unit Editor: Breaking bond: .R<LIG 1>.A<H26 44> - .R<LIG 1>.A<C13 41>
Unit Editor: Breaking bond: .R<LIG 1>.A<H25 43> - .R<LIG 1>.A<C13 41>
Unit Editor: Breaking bond: .R<LIG 1>.A<C13 41> - .R<LIG 1>.A<N23 39>
Unit Editor: Breaking bond: .R<LIG 1>.A<C13 41> - .R<LIG 1>.A<H24 42>
Unit Editor: Breaking bond: .R<LIG 1>.A<H23 40> - .R<LIG 1>.A<N23 39>
Unit Editor: Breaking bond: .R<LIG 1>.A<N23 39> - .R<LIG 1>.A<C 37>
Unit Editor: Breaking bond: .R<LIG 1>.A<C12 33> - .R<LIG 1>.A<C11 31>
Unit Editor: Breaking bond: .R<LIG 1>.A<C12 33> - .R<LIG 1>.A<H20 34>
Unit Editor: Breaking bond: .R<LIG 1>.A<C12 33> - .R<LIG 1>.A<H21 35>
Unit Editor: Breaking bond: .R<LIG 1>.A<C12 33> - .R<LIG 1>.A<H22 36>
Unit Editor: Breaking bond: .R<LIG 1>.A<O1 32> - .R<LIG 1>.A<C11 31>
Unit Editor: Breaking bond: .R<LIG 1>.A<C11 31> - .R<LIG 1>.A<N 29>
> charge 5R
charge: Argument #1 is type String must be of type: [unit molecule residue atom list]
usage:  charge <object>
> charge A5R
Total unperturbed charge:  -0.230600
Total perturbed charge:    -0.230600
Table Editor: Check table...
Table Editor: The table has no errors and 0 warnings.
Table Editor: Table has been 'saved' back to the program.
> charge
charge: Improper number of arguments!
usage:  charge <object>
> charge A5R
Total unperturbed charge:  -0.187200
Total perturbed charge:    -0.187200
Table Editor: Check table...
Table Editor: The table has no errors and 0 warnings.
Table Editor: Table has been 'saved' back to the program.
> charge A5R
Total unperturbed charge:  -0.107200
Total perturbed charge:    -0.107200
Table Editor: Check table...
Table Editor: The table has no errors and 0 warnings.
Table Editor: Table has been 'saved' back to the program.
>  charge A5R
Total unperturbed charge:  -0.047200
Total perturbed charge:    -0.047200
> set A5R head A5R.1.N
>  set A5R tail  A5R.1.C 
> desc A5R
UNIT name: LIG
Head atom: .R<LIG 1>.A<N 29>
Tail atom: .R<LIG 1>.A<C 37>
Contents: 
R<LIG 1>
> saveoff  A5R.lib  A5R
saveOff: Argument #1 is type String must be of type: [unit parameter_set list]
usage:  saveOff <object> <filename>
> saveoff  A5R  
saveOff: Improper number of arguments!
usage:  saveOff <object> <filename>
> saveoff  A5R   A5R.lib 
 Creating A5R.lib
Saving A5R.
Building topology.
Building atom parameters.
> charge  A5R 
Total unperturbed charge:  -0.047200
Total perturbed charge:    -0.047200
Table Editor: Check table...
Table Editor: The table has no errors and 0 warnings.
Table Editor: Table has been 'saved' back to the program.
> charge  A5R 
Total unperturbed charge:  -0.037200
Total perturbed charge:    -0.037200
Table Editor: Check table...
Table Editor: The table has no errors and 0 warnings.
Table Editor: Table has been 'saved' back to the program.
> charge  A5R 
Total unperturbed charge:  -0.033300
Total perturbed charge:    -0.033300
Table Editor: Check table...
Table Editor: The table has no errors and 0 warnings.
Table Editor: Table has been 'saved' back to the program.
> charge  A5R 
Total unperturbed charge:  -0.013300
Total perturbed charge:    -0.013300
Table Editor: Check table...
Table Editor: The table has no errors and 0 warnings.
Table Editor: Table has been 'saved' back to the program.
> charge  A5R 
Total unperturbed charge:   0.000000
Total perturbed charge:     0.000000
>  saveoff  A5R   A5R.lib 
Saving A5R.
Building topology.
Building atom parameters.
> edit   A5R
Unit Editor:   Added missing heavy atom: .R<LIG 1>.A<O 38>
>  saveoff  A5R    A5S.lib
 Creating A5S.lib
Saving A5R.
Building topology.
Building atom parameters.
